Using pre-set license
Built from '2020.3/staging' branch; Version is '2020.3.8f1 (507919d4fff5) revision 5273881'; Using compiler version '192528614'; Build Type 'Release'
OS: 'Windows 10 Pro; OS build 19042.1052; Version 2009; 64bit' Language: 'en' Physical Memory: 49069 MB
BatchMode: 1, IsHumanControllingUs: 0, StartBugReporterOnCrash: 0, Is64bit: 1, IsPro: 0

 COMMAND LINE ARGUMENTS:
C:\Program Files\Unity\Hub\Editor\2020.3.8f1\Editor\Unity.exe
-adb2
-batchMode
-noUpm
-name
AssetImportWorker0
-projectPath
G:/Unity/APR21-FinalProject-Blobbmaggedon
-logFile
Logs/AssetImportWorker0.log
-srvPort
59156
Successfully changed project path to: G:/Unity/APR21-FinalProject-Blobbmaggedon
G:/Unity/APR21-FinalProject-Blobbmaggedon
Using Asset Import Pipeline V2.
Refreshing native plugins compatible for Editor in 99.83 ms, found 0 plugins.
Preloading 0 native plugins for Editor in 0.00 ms.
Initialize engine version: 2020.3.8f1 (507919d4fff5)
[Subsystems] Discovering subsystems at path C:/Program Files/Unity/Hub/Editor/2020.3.8f1/Editor/Data/Resources/UnitySubsystems
[Subsystems] Discovering subsystems at path G:/Unity/APR21-FinalProject-Blobbmaggedon/Assets
GfxDevice: creating device client; threaded=0
Direct3D:
    Version:  Direct3D 11.0 [level 11.1]
    Renderer: NVIDIA GeForce RTX 3060 Ti (ID=0x2486)
    Vendor:   
    VRAM:     8050 MB
    Driver:   27.21.14.6140
Initialize mono
Mono path[0] = 'C:/Program Files/Unity/Hub/Editor/2020.3.8f1/Editor/Data/Managed'
Mono path[1] = 'C:/Program Files/Unity/Hub/Editor/2020.3.8f1/Editor/Data/MonoBleedingEdge/lib/mono/unityjit'
Mono config path = 'C:/Program Files/Unity/Hub/Editor/2020.3.8f1/Editor/Data/MonoBleedingEdge/etc'
Using monoOptions --debugger-agent=transport=dt_socket,embedding=1,server=y,suspend=n,address=127.0.0.1:56028
Begin MonoManager ReloadAssembly
Registering precompiled unity dll's ...
Register platform support module: C:/Program Files/Unity/Hub/Editor/2020.3.8f1/Editor/Data/PlaybackEngines/WebGLSupport/UnityEditor.WebGL.Extensions.dll
Register platform support module: C:/Program Files/Unity/Hub/Editor/2020.3.8f1/Editor/Data/PlaybackEngines/WindowsStandaloneSupport/UnityEditor.WindowsStandalone.Extensions.dll
Registered in 0.003029 seconds.
Native extension for WindowsStandalone target not found
Native extension for WebGL target not found
Refreshing native plugins compatible for Editor in 43.99 ms, found 0 plugins.
Preloading 0 native plugins for Editor in 0.00 ms.
Mono: successfully reloaded assembly
- Completed reload, in  2.323 seconds
Platform modules already initialized, skipping
Registering precompiled user dll's ...
Registered in 0.001377 seconds.
Begin MonoManager ReloadAssembly
Native extension for WindowsStandalone target not found
Native extension for WebGL target not found
Refreshing native plugins compatible for Editor in 50.48 ms, found 0 plugins.
Preloading 0 native plugins for Editor in 0.00 ms.
Mono: successfully reloaded assembly
- Completed reload, in  1.499 seconds
Platform modules already initialized, skipping
========================================================================
Worker process is ready to serve import requests
Shader 'Universal Render Pipeline/Particles/Lit': fallback shader 'Universal Render Pipeline/Particles/SimpleLit' not found
Shader 'Universal Render Pipeline/Particles/Lit': fallback shader 'Universal Render Pipeline/Particles/SimpleLit' not found
Launched and connected shader compiler UnityShaderCompiler.exe after 0.06 seconds
Refreshing native plugins compatible for Editor in 0.39 ms, found 0 plugins.
Preloading 0 native plugins for Editor in 0.00 ms.
Unloading 2420 Unused Serialized files (Serialized files now loaded: 0)
System memory in use before: 112.6 MB.
System memory in use after: 109.8 MB.

Unloading 46 unused Assets to reduce memory usage. Loaded Objects now: 2825.
Total: 5.404900 ms (FindLiveObjects: 0.743700 ms CreateObjectMapping: 0.176700 ms MarkObjects: 2.168800 ms  DeleteObjects: 2.314100 ms)

========================================================================
Received Import Request.
  path: Assets/Readme.asset
  artifactKey: Guid(83c2ed844a8c74b779a4c823d16594b1) Importer(815301076,1909f56bfc062723c751e8b465ee728b)
Start importing Assets/Readme.asset using Guid(83c2ed844a8c74b779a4c823d16594b1) Importer(815301076,1909f56bfc062723c751e8b465ee728b)  -> (artifact id: '8ffd2c44ffeb50c574abb5d0c4453328') in 0.080258 seconds
  Import took 0.083900 seconds .

========================================================================
Received Prepare
Registering precompiled user dll's ...
Registered in 0.005067 seconds.
Begin MonoManager ReloadAssembly
Native extension for WindowsStandalone target not found
Native extension for WebGL target not found
Refreshing native plugins compatible for Editor in 2.51 ms, found 0 plugins.
Preloading 0 native plugins for Editor in 0.00 ms.
Mono: successfully reloaded assembly
- Completed reload, in  1.643 seconds
Platform modules already initialized, skipping
Shader 'Universal Render Pipeline/Particles/Lit': fallback shader 'Universal Render Pipeline/Particles/SimpleLit' not found
Shader 'Universal Render Pipeline/Particles/Lit': fallback shader 'Universal Render Pipeline/Particles/SimpleLit' not found
Refreshing native plugins compatible for Editor in 0.84 ms, found 0 plugins.
Preloading 0 native plugins for Editor in 0.00 ms.
Unloading 2347 Unused Serialized files (Serialized files now loaded: 0)
System memory in use before: 109.2 MB.
System memory in use after: 106.5 MB.

Unloading 41 unused Assets to reduce memory usage. Loaded Objects now: 2828.
Total: 6.359700 ms (FindLiveObjects: 0.301400 ms CreateObjectMapping: 0.208400 ms MarkObjects: 3.654200 ms  DeleteObjects: 2.194100 ms)

========================================================================
Received Prepare
Registering precompiled user dll's ...
Registered in 0.001532 seconds.
Begin MonoManager ReloadAssembly
Native extension for WindowsStandalone target not found
Native extension for WebGL target not found
Refreshing native plugins compatible for Editor in 0.44 ms, found 0 plugins.
Preloading 0 native plugins for Editor in 0.00 ms.
Mono: successfully reloaded assembly
- Completed reload, in  1.034 seconds
Platform modules already initialized, skipping
Shader 'Universal Render Pipeline/Particles/Lit': fallback shader 'Universal Render Pipeline/Particles/SimpleLit' not found
Shader 'Universal Render Pipeline/Particles/Lit': fallback shader 'Universal Render Pipeline/Particles/SimpleLit' not found
Refreshing native plugins compatible for Editor in 0.78 ms, found 0 plugins.
Preloading 0 native plugins for Editor in 0.00 ms.
Unloading 2379 Unused Serialized files (Serialized files now loaded: 0)
System memory in use before: 130.2 MB.
System memory in use after: 113.8 MB.

Unloading 55 unused Assets to reduce memory usage. Loaded Objects now: 2855.
Total: 7.283600 ms (FindLiveObjects: 0.299900 ms CreateObjectMapping: 0.144400 ms MarkObjects: 2.529300 ms  DeleteObjects: 4.308700 ms)

========================================================================
Received Import Request.
  Time since last request: 1354.325014 seconds.
  path: Assets
  artifactKey: Guid(00000000000000001000000000000000) Importer(815301076,1909f56bfc062723c751e8b465ee728b)
Start importing Assets using Guid(00000000000000001000000000000000) Importer(815301076,1909f56bfc062723c751e8b465ee728b)  -> (artifact id: '42d402b061de3733987d63b9cc3b64de') in 0.008844 seconds
  Import took 0.013244 seconds .

========================================================================
Received Import Request.
  Time since last request: 0.002413 seconds.
  path: Assets
  artifactKey: Guid(00000000000000001000000000000000) Importer(815301076,1909f56bfc062723c751e8b465ee728b)
Start importing Assets using Guid(00000000000000001000000000000000) Importer(815301076,1909f56bfc062723c751e8b465ee728b)  -> (artifact id: '42d402b061de3733987d63b9cc3b64de') in 0.014487 seconds
  Import took 0.018398 seconds .

========================================================================
Received Import Request.
  Time since last request: 6.922406 seconds.
  path: Assets/3DPartyAssets
  artifactKey: Guid(f039e5bf777b5f941b9455ec0c50a1c2) Importer(815301076,1909f56bfc062723c751e8b465ee728b)
Start importing Assets/3DPartyAssets using Guid(f039e5bf777b5f941b9455ec0c50a1c2) Importer(815301076,1909f56bfc062723c751e8b465ee728b)  -> (artifact id: '8ef5df784b69178cbcf1373cb3b52e02') in 0.012182 seconds
  Import took 0.018591 seconds .

========================================================================
Received Import Request.
  Time since last request: 3.968478 seconds.
  path: Assets/RPG Monster Duo PBR Polyart/Promotion.jpg
  artifactKey: Guid(2a5a5f4f146cce3499cfcc7ee45b9b1a) Importer(815301076,1909f56bfc062723c751e8b465ee728b)
Start importing Assets/RPG Monster Duo PBR Polyart/Promotion.jpg using Guid(2a5a5f4f146cce3499cfcc7ee45b9b1a) Importer(815301076,1909f56bfc062723c751e8b465ee728b)  -> (artifact id: '8648410f4d671bce1f6dbd81f585fa36') in 0.117158 seconds
  Import took 0.121227 seconds .

========================================================================
Received Import Request.
  Time since last request: 0.510710 seconds.
  path: Assets/RPGStarterStylizedWeaponPack/PbrWeapons01.fbx
  artifactKey: Guid(4ff7b32a8b762cb4f98c31dff538a63a) Importer(815301076,1909f56bfc062723c751e8b465ee728b)
Start importing Assets/RPGStarterStylizedWeaponPack/PbrWeapons01.fbx using Guid(4ff7b32a8b762cb4f98c31dff538a63a) Importer(815301076,1909f56bfc062723c751e8b465ee728b)  -> (artifact id: '353e4d76ae9fdf1dfad3fea5d8cd390b') in 1.166137 seconds
  Import took 1.171160 seconds .

========================================================================
Received Prepare
Registering precompiled user dll's ...
Registered in 0.001518 seconds.
Begin MonoManager ReloadAssembly
Native extension for WindowsStandalone target not found
Native extension for WebGL target not found
Refreshing native plugins compatible for Editor in 0.64 ms, found 0 plugins.
Preloading 0 native plugins for Editor in 0.00 ms.
Mono: successfully reloaded assembly
- Completed reload, in  1.115 seconds
Platform modules already initialized, skipping
Shader 'Universal Render Pipeline/Particles/Lit': fallback shader 'Universal Render Pipeline/Particles/SimpleLit' not found
Shader 'Universal Render Pipeline/Particles/Lit': fallback shader 'Universal Render Pipeline/Particles/SimpleLit' not found
Refreshing native plugins compatible for Editor in 0.49 ms, found 0 plugins.
Preloading 0 native plugins for Editor in 0.00 ms.
Unloading 2379 Unused Serialized files (Serialized files now loaded: 0)
System memory in use before: 135.7 MB.
System memory in use after: 119.6 MB.

Unloading 55 unused Assets to reduce memory usage. Loaded Objects now: 2941.
Total: 9.376400 ms (FindLiveObjects: 1.157100 ms CreateObjectMapping: 0.322000 ms MarkObjects: 2.399300 ms  DeleteObjects: 5.495600 ms)

========================================================================
Received Import Request.
  Time since last request: 15.432234 seconds.
  path: Assets/Scenes
  artifactKey: Guid(649803cb465572644a7767edf6c02ae0) Importer(815301076,1909f56bfc062723c751e8b465ee728b)
Start importing Assets/Scenes using Guid(649803cb465572644a7767edf6c02ae0) Importer(815301076,1909f56bfc062723c751e8b465ee728b)  -> (artifact id: '87e9bc916d4daa90368fa3b843865374') in 0.023111 seconds
  Import took 0.027117 seconds .

========================================================================
Received Import Request.
  Time since last request: 7.315354 seconds.
  path: Assets/Scenes/FantasyTower.unity
  artifactKey: Guid(d7338782674cae445812b7bdf54f03b1) Importer(815301076,1909f56bfc062723c751e8b465ee728b)
Start importing Assets/Scenes/FantasyTower.unity using Guid(d7338782674cae445812b7bdf54f03b1) Importer(815301076,1909f56bfc062723c751e8b465ee728b)  -> (artifact id: '7e0b9f2be18708f0530d3c35b0a03367') in 0.022339 seconds
  Import took 0.027982 seconds .

========================================================================
Received Import Request.
  Time since last request: 6.661488 seconds.
  path: Assets/3DPartyAssets/Fantasy Adventure Environment/_DemoScenes
  artifactKey: Guid(295b9ea649c9d254e9cc8a1ad109a455) Importer(815301076,1909f56bfc062723c751e8b465ee728b)
Start importing Assets/3DPartyAssets/Fantasy Adventure Environment/_DemoScenes using Guid(295b9ea649c9d254e9cc8a1ad109a455) Importer(815301076,1909f56bfc062723c751e8b465ee728b)  -> (artifact id: 'e7e8a691285d851337e323c9052b12fb') in 0.005942 seconds
  Import took 0.009630 seconds .

========================================================================
Received Import Request.
  Time since last request: 0.000679 seconds.
  path: Assets/3DPartyAssets/Fantasy Adventure Environment/_DemoScenes
  artifactKey: Guid(295b9ea649c9d254e9cc8a1ad109a455) Importer(815301076,1909f56bfc062723c751e8b465ee728b)
Start importing Assets/3DPartyAssets/Fantasy Adventure Environment/_DemoScenes using Guid(295b9ea649c9d254e9cc8a1ad109a455) Importer(815301076,1909f56bfc062723c751e8b465ee728b)  -> (artifact id: 'e7e8a691285d851337e323c9052b12fb') in 0.009642 seconds
  Import took 0.014769 seconds .

========================================================================
Received Import Request.
  Time since last request: 1.092529 seconds.
  path: Assets/3DPartyAssets/Fantasy Adventure Environment/_DemoScenes/FAE_AssetOverview.unity
  artifactKey: Guid(65dd4393d66e40844b95cd96aa7d660b) Importer(815301076,1909f56bfc062723c751e8b465ee728b)
Start importing Assets/3DPartyAssets/Fantasy Adventure Environment/_DemoScenes/FAE_AssetOverview.unity using Guid(65dd4393d66e40844b95cd96aa7d660b) Importer(815301076,1909f56bfc062723c751e8b465ee728b)  -> (artifact id: '0a61e86023093f2f1b3bf4b17489b794') in 0.006084 seconds
  Import took 0.012829 seconds .

========================================================================
Received Import Request.
  Time since last request: 2.537899 seconds.
  path: Assets/3DPartyAssets/Fantasy Adventure Environment/_DemoScenes/FAE_Demo1.unity
  artifactKey: Guid(8df6c78b22878164e8cd1bf5e9c0a1ed) Importer(815301076,1909f56bfc062723c751e8b465ee728b)
Start importing Assets/3DPartyAssets/Fantasy Adventure Environment/_DemoScenes/FAE_Demo1.unity using Guid(8df6c78b22878164e8cd1bf5e9c0a1ed) Importer(815301076,1909f56bfc062723c751e8b465ee728b)  -> (artifact id: '49d6bf223bb2d5ad641f2b0060e19a83') in 0.010459 seconds
  Import took 0.014658 seconds .

========================================================================
Received Import Request.
  Time since last request: 23.633544 seconds.
  path: Assets/3DPartyAssets/Fantasy Adventure Environment/_DemoScenes/FAE_CliffCoverageDemo/FAE_CliffCoverageDemo_CoverageMap.psd
  artifactKey: Guid(0f066435241bad04b9536e3214d73f14) Importer(815301076,1909f56bfc062723c751e8b465ee728b)
Start importing Assets/3DPartyAssets/Fantasy Adventure Environment/_DemoScenes/FAE_CliffCoverageDemo/FAE_CliffCoverageDemo_CoverageMap.psd using Guid(0f066435241bad04b9536e3214d73f14) Importer(815301076,1909f56bfc062723c751e8b465ee728b)  -> (artifact id: '06ac17c5039f41ae00782bf7fca7f7b2') in 0.237140 seconds
  Import took 0.241952 seconds .

========================================================================
Received Import Request.
  Time since last request: 0.000264 seconds.
  path: Assets/3DPartyAssets/Fantasy Adventure Environment/_DemoScenes/FAE_CliffCoverageDemo/FAE_DemoTerrain2_pigmentmap.png
  artifactKey: Guid(6ce10df7d0a7ae14785bf96e9233ce6d) Importer(815301076,1909f56bfc062723c751e8b465ee728b)
Start importing Assets/3DPartyAssets/Fantasy Adventure Environment/_DemoScenes/FAE_CliffCoverageDemo/FAE_DemoTerrain2_pigmentmap.png using Guid(6ce10df7d0a7ae14785bf96e9233ce6d) Importer(815301076,1909f56bfc062723c751e8b465ee728b)  -> (artifact id: 'a0c382fcff7dd507aa1e1298f1ffd3e8') in 0.017030 seconds
  Import took 0.021312 seconds .

========================================================================
Received Import Request.
  Time since last request: 0.000287 seconds.
  path: Assets/3DPartyAssets/Fantasy Adventure Environment/_DemoScenes/FAE_CliffCoverageDemo/FAE_DemoTerrain2.asset
  artifactKey: Guid(5b21e16bedb567640a12de9c27d0a67b) Importer(815301076,1909f56bfc062723c751e8b465ee728b)
Start importing Assets/3DPartyAssets/Fantasy Adventure Environment/_DemoScenes/FAE_CliffCoverageDemo/FAE_DemoTerrain2.asset using Guid(5b21e16bedb567640a12de9c27d0a67b) Importer(815301076,1909f56bfc062723c751e8b465ee728b)  -> (artifact id: 'fb2365660bced365d284a13f622ac2cd') in 0.116515 seconds
  Import took 0.122003 seconds .

========================================================================
Received Import Request.
  Time since last request: 0.615341 seconds.
  path: Assets/3DPartyAssets/Fantasy Adventure Environment/_DemoScenes/FAE_Demo1/OcclusionCullingData.asset
  artifactKey: Guid(346fd39ddd4c33642b14604713048679) Importer(815301076,1909f56bfc062723c751e8b465ee728b)
Start importing Assets/3DPartyAssets/Fantasy Adventure Environment/_DemoScenes/FAE_Demo1/OcclusionCullingData.asset using Guid(346fd39ddd4c33642b14604713048679) Importer(815301076,1909f56bfc062723c751e8b465ee728b)  -> (artifact id: 'c9113c03ca8b90d39ff1f10dd8a20d34') in 0.258451 seconds
  Import took 0.263405 seconds .

========================================================================
Received Import Request.
  Time since last request: 0.608881 seconds.
  path: Assets/3DPartyAssets/Fantasy Adventure Environment/_DemoScenes/Source/FAE1_Creek.fbx
  artifactKey: Guid(e1578688d314aab4581b622ed1505be1) Importer(815301076,1909f56bfc062723c751e8b465ee728b)
Start importing Assets/3DPartyAssets/Fantasy Adventure Environment/_DemoScenes/Source/FAE1_Creek.fbx using Guid(e1578688d314aab4581b622ed1505be1) Importer(815301076,1909f56bfc062723c751e8b465ee728b)  -> (artifact id: 'c7bbdf34eb5bee3c351138dff881fd44') in 0.252706 seconds
  Import took 0.267725 seconds .

========================================================================
Received Import Request.
  Time since last request: 0.000390 seconds.
  path: Assets/3DPartyAssets/Fantasy Adventure Environment/_DemoScenes/Source/FAE_DemoTerrain.asset
  artifactKey: Guid(4f74269ba463c16428f45c9c1deca27d) Importer(815301076,1909f56bfc062723c751e8b465ee728b)
Start importing Assets/3DPartyAssets/Fantasy Adventure Environment/_DemoScenes/Source/FAE_DemoTerrain.asset using Guid(4f74269ba463c16428f45c9c1deca27d) Importer(815301076,1909f56bfc062723c751e8b465ee728b)  -> (artifact id: '65f805e6af66a8af8a9bddac8e95e8bc') in 0.192439 seconds
  Import took 0.199352 seconds .

========================================================================
Received Import Request.
  Time since last request: 0.000274 seconds.
  path: Assets/3DPartyAssets/Fantasy Adventure Environment/_DemoScenes/Source/FAE_Waterfall.fbx
  artifactKey: Guid(cce5865e2533b764883b42f2466d3e84) Importer(815301076,1909f56bfc062723c751e8b465ee728b)
Start importing Assets/3DPartyAssets/Fantasy Adventure Environment/_DemoScenes/Source/FAE_Waterfall.fbx using Guid(cce5865e2533b764883b42f2466d3e84) Importer(815301076,1909f56bfc062723c751e8b465ee728b)  -> (artifact id: 'e4d9ac9ca9c508663abedaf36c1ca01e') in 0.035880 seconds
  Import took 0.040634 seconds .

========================================================================
Received Import Request.
  Time since last request: 0.000199 seconds.
  path: Assets/3DPartyAssets/Fantasy Adventure Environment/_DemoScenes/Source/FAE_Demo1_CoverageMap.psd
  artifactKey: Guid(f372ecf27e5c4954c8bf0015e21ca538) Importer(815301076,1909f56bfc062723c751e8b465ee728b)
Start importing Assets/3DPartyAssets/Fantasy Adventure Environment/_DemoScenes/Source/FAE_Demo1_CoverageMap.psd using Guid(f372ecf27e5c4954c8bf0015e21ca538) Importer(815301076,1909f56bfc062723c751e8b465ee728b)  -> (artifact id: '49fa92b2a9bf2667d1f780bb33d5eae7') in 0.011366 seconds
  Import took 0.017832 seconds .

========================================================================
Received Import Request.
  Time since last request: 0.000238 seconds.
  path: Assets/3DPartyAssets/Fantasy Adventure Environment/_DemoScenes/Source/FAE_DemoTerrain_pigmentmap.png
  artifactKey: Guid(a728bf1dc39cb0e4dad5aba35411306d) Importer(815301076,1909f56bfc062723c751e8b465ee728b)
Start importing Assets/3DPartyAssets/Fantasy Adventure Environment/_DemoScenes/Source/FAE_DemoTerrain_pigmentmap.png using Guid(a728bf1dc39cb0e4dad5aba35411306d) Importer(815301076,1909f56bfc062723c751e8b465ee728b)  -> (artifact id: 'ef4c2fd9fe4eea23d6933026764a163f') in 0.022240 seconds
  Import took 0.026159 seconds .

========================================================================
Received Import Request.
  Time since last request: 0.000192 seconds.
  path: Assets/3DPartyAssets/Fantasy Adventure Environment/_DemoScenes/Source/FAE_DemoMountain.obj
  artifactKey: Guid(163db72fbec236e4094e8604951debcf) Importer(815301076,1909f56bfc062723c751e8b465ee728b)
Start importing Assets/3DPartyAssets/Fantasy Adventure Environment/_DemoScenes/Source/FAE_DemoMountain.obj using Guid(163db72fbec236e4094e8604951debcf) Importer(815301076,1909f56bfc062723c751e8b465ee728b)  -> (artifact id: '6b6c8bcba3a65ec73e8e50977058f981') in 0.030531 seconds
  Import took 0.035257 seconds .

========================================================================
Received Import Request.
  Time since last request: 0.000318 seconds.
  path: Assets/3DPartyAssets/Fantasy Adventure Environment/_DemoScenes/Source/FAE_DemoMountain_Diffuse.png
  artifactKey: Guid(3f501711831f76443aa6e3264b62080e) Importer(815301076,1909f56bfc062723c751e8b465ee728b)
Start importing Assets/3DPartyAssets/Fantasy Adventure Environment/_DemoScenes/Source/FAE_DemoMountain_Diffuse.png using Guid(3f501711831f76443aa6e3264b62080e) Importer(815301076,1909f56bfc062723c751e8b465ee728b)  -> (artifact id: '3aa07c37d3cef6c50e9e692cbc8d61d4') in 0.046967 seconds
  Import took 0.054673 seconds .

========================================================================
Received Import Request.
  Time since last request: 0.000340 seconds.
  path: Assets/3DPartyAssets/Fantasy Adventure Environment/_DemoScenes/Source/FAE_DemoMountain.obj
  artifactKey: Guid(163db72fbec236e4094e8604951debcf) Importer(815301076,1909f56bfc062723c751e8b465ee728b)
Start importing Assets/3DPartyAssets/Fantasy Adventure Environment/_DemoScenes/Source/FAE_DemoMountain.obj using Guid(163db72fbec236e4094e8604951debcf) Importer(815301076,1909f56bfc062723c751e8b465ee728b)  -> (artifact id: '6b6c8bcba3a65ec73e8e50977058f981') in 0.028268 seconds
  Import took 0.033396 seconds .

========================================================================
Received Import Request.
  Time since last request: 0.000271 seconds.
  path: Assets/3DPartyAssets/Fantasy Adventure Environment/_DemoScenes/Source/FAE_DemoMountain_Diffuse.png
  artifactKey: Guid(3f501711831f76443aa6e3264b62080e) Importer(815301076,1909f56bfc062723c751e8b465ee728b)
Start importing Assets/3DPartyAssets/Fantasy Adventure Environment/_DemoScenes/Source/FAE_DemoMountain_Diffuse.png using Guid(3f501711831f76443aa6e3264b62080e) Importer(815301076,1909f56bfc062723c751e8b465ee728b)  -> (artifact id: '3aa07c37d3cef6c50e9e692cbc8d61d4') in 0.017247 seconds
  Import took 0.021863 seconds .

========================================================================
Received Import Request.
  Time since last request: 0.000200 seconds.
  path: Assets/3DPartyAssets/Fantasy Adventure Environment/_DemoScenes/Source/FAE_DemoMountain_Normal.png
  artifactKey: Guid(86eb66ba8e032be45a33660bcfe2c7d1) Importer(815301076,1909f56bfc062723c751e8b465ee728b)
Start importing Assets/3DPartyAssets/Fantasy Adventure Environment/_DemoScenes/Source/FAE_DemoMountain_Normal.png using Guid(86eb66ba8e032be45a33660bcfe2c7d1) Importer(815301076,1909f56bfc062723c751e8b465ee728b)  -> (artifact id: 'aa69d1373811f27fc2f12362eef5a2e2') in 0.024745 seconds
  Import took 0.029927 seconds .

========================================================================
Received Import Request.
  Time since last request: 0.517336 seconds.
  path: Assets/3DPartyAssets/Fantasy Adventure Environment/_DemoScenes/Source/Materials/FAE_DemoMountain_Mat.mat
  artifactKey: Guid(7a6952548df205d4c8fc31746ce387d0) Importer(815301076,1909f56bfc062723c751e8b465ee728b)
Start importing Assets/3DPartyAssets/Fantasy Adventure Environment/_DemoScenes/Source/Materials/FAE_DemoMountain_Mat.mat using Guid(7a6952548df205d4c8fc31746ce387d0) Importer(815301076,1909f56bfc062723c751e8b465ee728b)  -> (artifact id: 'bb24dce87ff288494db8df24d35c54fe') in 0.041152 seconds
  Import took 0.047782 seconds .

========================================================================
Received Import Request.
  Time since last request: 0.000193 seconds.
  path: Assets/3DPartyAssets/Fantasy Adventure Environment/_DemoScenes/Source/Materials/FAE_WaterCreek.mat
  artifactKey: Guid(88c0222cd8021114498798eece575399) Importer(815301076,1909f56bfc062723c751e8b465ee728b)
Start importing Assets/3DPartyAssets/Fantasy Adventure Environment/_DemoScenes/Source/Materials/FAE_WaterCreek.mat using Guid(88c0222cd8021114498798eece575399) Importer(815301076,1909f56bfc062723c751e8b465ee728b) Shader properties can't be added to this global property sheet. Trying to add _GrabTexture (type 3 count 1)
UnityEngine.StackTraceUtility:ExtractStackTrace ()
UnityEngine.Rendering.ScriptableRenderContext:Submit_Internal ()
UnityEngine.Rendering.ScriptableRenderContext:Submit ()
UnityEngine.Rendering.Universal.UniversalRenderPipeline:RenderSingleCamera (UnityEngine.Rendering.ScriptableRenderContext,UnityEngine.Rendering.Universal.CameraData,bool) (at Library/PackageCache/com.unity.render-pipelines.universal@10.5.0/Runtime/UniversalRenderPipeline.cs:400)
UnityEngine.Rendering.Universal.UniversalRenderPipeline:RenderSingleCamera (UnityEngine.Rendering.ScriptableRenderContext,UnityEngine.Camera) (at Library/PackageCache/com.unity.render-pipelines.universal@10.5.0/Runtime/UniversalRenderPipeline.cs:300)
UnityEngine.Rendering.Universal.UniversalRenderPipeline:Render (UnityEngine.Rendering.ScriptableRenderContext,UnityEngine.Camera[]) (at Library/PackageCache/com.unity.render-pipelines.universal@10.5.0/Runtime/UniversalRenderPipeline.cs:255)
UnityEngine.Rendering.RenderPipeline:InternalRender (UnityEngine.Rendering.ScriptableRenderContext,UnityEngine.Camera[])
UnityEngine.Rendering.RenderPipelineManager:DoRenderLoop_Internal (UnityEngine.Rendering.RenderPipelineAsset,intptr,System.Collections.Generic.List`1<UnityEngine.Camera/RenderRequest>,Unity.Collections.LowLevel.Unsafe.AtomicSafetyHandle)
UnityEditor.PreviewRenderUtility:Render (bool,bool)
UnityEditor.MaterialEditor:DoRenderPreview (UnityEditor.PreviewRenderUtility,bool)
UnityEditor.MaterialEditor:RenderStaticPreview (string,UnityEngine.Object[],int,int)
UnityEditor.AssetPreviewUpdater:CreatePreviewForAsset (UnityEngine.Object,UnityEngine.Object[],string)

[Library/PackageCache/com.unity.render-pipelines.universal@10.5.0/Runtime/UniversalRenderPipeline.cs line 400]

Shader properties can't be added to this global property sheet. Trying to add _GrabTexture_ST (type 1 count 1)
UnityEngine.StackTraceUtility:ExtractStackTrace ()
UnityEngine.Rendering.ScriptableRenderContext:Submit_Internal ()
UnityEngine.Rendering.ScriptableRenderContext:Submit ()
UnityEngine.Rendering.Universal.UniversalRenderPipeline:RenderSingleCamera (UnityEngine.Rendering.ScriptableRenderContext,UnityEngine.Rendering.Universal.CameraData,bool) (at Library/PackageCache/com.unity.render-pipelines.universal@10.5.0/Runtime/UniversalRenderPipeline.cs:400)
UnityEngine.Rendering.Universal.UniversalRenderPipeline:RenderSingleCamera (UnityEngine.Rendering.ScriptableRenderContext,UnityEngine.Camera) (at Library/PackageCache/com.unity.render-pipelines.universal@10.5.0/Runtime/UniversalRenderPipeline.cs:300)
UnityEngine.Rendering.Universal.UniversalRenderPipeline:Render (UnityEngine.Rendering.ScriptableRenderContext,UnityEngine.Camera[]) (at Library/PackageCache/com.unity.render-pipelines.universal@10.5.0/Runtime/UniversalRenderPipeline.cs:255)
UnityEngine.Rendering.RenderPipeline:InternalRender (UnityEngine.Rendering.ScriptableRenderContext,UnityEngine.Camera[])
UnityEngine.Rendering.RenderPipelineManager:DoRenderLoop_Internal (UnityEngine.Rendering.RenderPipelineAsset,intptr,System.Collections.Generic.List`1<UnityEngine.Camera/RenderRequest>,Unity.Collections.LowLevel.Unsafe.AtomicSafetyHandle)
UnityEditor.PreviewRenderUtility:Render (bool,bool)
UnityEditor.MaterialEditor:DoRenderPreview (UnityEditor.PreviewRenderUtility,bool)
UnityEditor.MaterialEditor:RenderStaticPreview (string,UnityEngine.Object[],int,int)
UnityEditor.AssetPreviewUpdater:CreatePreviewForAsset (UnityEngine.Object,UnityEngine.Object[],string)

[Library/PackageCache/com.unity.render-pipelines.universal@10.5.0/Runtime/UniversalRenderPipeline.cs line 400]

Shader properties can't be added to this global property sheet. Trying to add _GrabTexture_TexelSize (type 1 count 1)
UnityEngine.StackTraceUtility:ExtractStackTrace ()
UnityEngine.Rendering.ScriptableRenderContext:Submit_Internal ()
UnityEngine.Rendering.ScriptableRenderContext:Submit ()
UnityEngine.Rendering.Universal.UniversalRenderPipeline:RenderSingleCamera (UnityEngine.Rendering.ScriptableRenderContext,UnityEngine.Rendering.Universal.CameraData,bool) (at Library/PackageCache/com.unity.render-pipelines.universal@10.5.0/Runtime/UniversalRenderPipeline.cs:400)
UnityEngine.Rendering.Universal.UniversalRenderPipeline:RenderSingleCamera (UnityEngine.Rendering.ScriptableRenderContext,UnityEngine.Camera) (at Library/PackageCache/com.unity.render-pipelines.universal@10.5.0/Runtime/UniversalRenderPipeline.cs:300)
UnityEngine.Rendering.Universal.UniversalRenderPipeline:Render (UnityEngine.Rendering.ScriptableRenderContext,UnityEngine.Camera[]) (at Library/PackageCache/com.unity.render-pipelines.universal@10.5.0/Runtime/UniversalRenderPipeline.cs:255)
UnityEngine.Rendering.RenderPipeline:InternalRender (UnityEngine.Rendering.ScriptableRenderContext,UnityEngine.Camera[])
UnityEngine.Rendering.RenderPipelineManager:DoRenderLoop_Internal (UnityEngine.Rendering.RenderPipelineAsset,intptr,System.Collections.Generic.List`1<UnityEngine.Camera/RenderRequest>,Unity.Collections.LowLevel.Unsafe.AtomicSafetyHandle)
UnityEditor.PreviewRenderUtility:Render (bool,bool)
UnityEditor.MaterialEditor:DoRenderPreview (UnityEditor.PreviewRenderUtility,bool)
UnityEditor.MaterialEditor:RenderStaticPreview (string,UnityEngine.Object[],int,int)
UnityEditor.AssetPreviewUpdater:CreatePreviewForAsset (UnityEngine.Object,UnityEngine.Object[],string)

[Library/PackageCache/com.unity.render-pipelines.universal@10.5.0/Runtime/UniversalRenderPipeline.cs line 400]

Shader properties can't be added to this global property sheet. Trying to add _GrabTexture_HDR (type 1 count 1)
UnityEngine.StackTraceUtility:ExtractStackTrace ()
UnityEngine.Rendering.ScriptableRenderContext:Submit_Internal ()
UnityEngine.Rendering.ScriptableRenderContext:Submit ()
UnityEngine.Rendering.Universal.UniversalRenderPipeline:RenderSingleCamera (UnityEngine.Rendering.ScriptableRenderContext,UnityEngine.Rendering.Universal.CameraData,bool) (at Library/PackageCache/com.unity.render-pipelines.universal@10.5.0/Runtime/UniversalRenderPipeline.cs:400)
UnityEngine.Rendering.Universal.UniversalRenderPipeline:RenderSingleCamera (UnityEngine.Rendering.ScriptableRenderContext,UnityEngine.Camera) (at Library/PackageCache/com.unity.render-pipelines.universal@10.5.0/Runtime/UniversalRenderPipeline.cs:300)
UnityEngine.Rendering.Universal.UniversalRenderPipeline:Render (UnityEngine.Rendering.ScriptableRenderContext,UnityEngine.Camera[]) (at Library/PackageCache/com.unity.render-pipelines.universal@10.5.0/Runtime/UniversalRenderPipeline.cs:255)
UnityEngine.Rendering.RenderPipeline:InternalRender (UnityEngine.Rendering.ScriptableRenderContext,UnityEngine.Camera[])
UnityEngine.Rendering.RenderPipelineManager:DoRenderLoop_Internal (UnityEngine.Rendering.RenderPipelineAsset,intptr,System.Collections.Generic.List`1<UnityEngine.Camera/RenderRequest>,Unity.Collections.LowLevel.Unsafe.AtomicSafetyHandle)
UnityEditor.PreviewRenderUtility:Render (bool,bool)
UnityEditor.MaterialEditor:DoRenderPreview (UnityEditor.PreviewRenderUtility,bool)
UnityEditor.MaterialEditor:RenderStaticPreview (string,UnityEngine.Object[],int,int)
UnityEditor.AssetPreviewUpdater:CreatePreviewForAsset (UnityEngine.Object,UnityEngine.Object[],string)

[Library/PackageCache/com.unity.render-pipelines.universal@10.5.0/Runtime/UniversalRenderPipeline.cs line 400]

 -> (artifact id: '6e9b6cb02606c0164fa5434a4c5be9b8') in 0.020856 seconds
  Import took 0.025330 seconds .

========================================================================
Received Import Request.
  Time since last request: 0.000216 seconds.
  path: Assets/3DPartyAssets/Fantasy Adventure Environment/_DemoScenes/Source/Materials/FAE_WaterShallow.mat
  artifactKey: Guid(80d990a134369f14287a128cba6d4e0b) Importer(815301076,1909f56bfc062723c751e8b465ee728b)
Start importing Assets/3DPartyAssets/Fantasy Adventure Environment/_DemoScenes/Source/Materials/FAE_WaterShallow.mat using Guid(80d990a134369f14287a128cba6d4e0b) Importer(815301076,1909f56bfc062723c751e8b465ee728b) Shader properties can't be added to this global property sheet. Trying to add _GrabTexture (type 3 count 1)
UnityEngine.StackTraceUtility:ExtractStackTrace ()
UnityEngine.Rendering.ScriptableRenderContext:Submit_Internal ()
UnityEngine.Rendering.ScriptableRenderContext:Submit ()
UnityEngine.Rendering.Universal.UniversalRenderPipeline:RenderSingleCamera (UnityEngine.Rendering.ScriptableRenderContext,UnityEngine.Rendering.Universal.CameraData,bool) (at Library/PackageCache/com.unity.render-pipelines.universal@10.5.0/Runtime/UniversalRenderPipeline.cs:400)
UnityEngine.Rendering.Universal.UniversalRenderPipeline:RenderSingleCamera (UnityEngine.Rendering.ScriptableRenderContext,UnityEngine.Camera) (at Library/PackageCache/com.unity.render-pipelines.universal@10.5.0/Runtime/UniversalRenderPipeline.cs:300)
UnityEngine.Rendering.Universal.UniversalRenderPipeline:Render (UnityEngine.Rendering.ScriptableRenderContext,UnityEngine.Camera[]) (at Library/PackageCache/com.unity.render-pipelines.universal@10.5.0/Runtime/UniversalRenderPipeline.cs:255)
UnityEngine.Rendering.RenderPipeline:InternalRender (UnityEngine.Rendering.ScriptableRenderContext,UnityEngine.Camera[])
UnityEngine.Rendering.RenderPipelineManager:DoRenderLoop_Internal (UnityEngine.Rendering.RenderPipelineAsset,intptr,System.Collections.Generic.List`1<UnityEngine.Camera/RenderRequest>,Unity.Collections.LowLevel.Unsafe.AtomicSafetyHandle)
UnityEditor.PreviewRenderUtility:Render (bool,bool)
UnityEditor.MaterialEditor:DoRenderPreview (UnityEditor.PreviewRenderUtility,bool)
UnityEditor.MaterialEditor:RenderStaticPreview (string,UnityEngine.Object[],int,int)
UnityEditor.AssetPreviewUpdater:CreatePreviewForAsset (UnityEngine.Object,UnityEngine.Object[],string)

[Library/PackageCache/com.unity.render-pipelines.universal@10.5.0/Runtime/UniversalRenderPipeline.cs line 400]

Shader properties can't be added to this global property sheet. Trying to add _GrabTexture_ST (type 1 count 1)
UnityEngine.StackTraceUtility:ExtractStackTrace ()
UnityEngine.Rendering.ScriptableRenderContext:Submit_Internal ()
UnityEngine.Rendering.ScriptableRenderContext:Submit ()
UnityEngine.Rendering.Universal.UniversalRenderPipeline:RenderSingleCamera (UnityEngine.Rendering.ScriptableRenderContext,UnityEngine.Rendering.Universal.CameraData,bool) (at Library/PackageCache/com.unity.render-pipelines.universal@10.5.0/Runtime/UniversalRenderPipeline.cs:400)
UnityEngine.Rendering.Universal.UniversalRenderPipeline:RenderSingleCamera (UnityEngine.Rendering.ScriptableRenderContext,UnityEngine.Camera) (at Library/PackageCache/com.unity.render-pipelines.universal@10.5.0/Runtime/UniversalRenderPipeline.cs:300)
UnityEngine.Rendering.Universal.UniversalRenderPipeline:Render (UnityEngine.Rendering.ScriptableRenderContext,UnityEngine.Camera[]) (at Library/PackageCache/com.unity.render-pipelines.universal@10.5.0/Runtime/UniversalRenderPipeline.cs:255)
UnityEngine.Rendering.RenderPipeline:InternalRender (UnityEngine.Rendering.ScriptableRenderContext,UnityEngine.Camera[])
UnityEngine.Rendering.RenderPipelineManager:DoRenderLoop_Internal (UnityEngine.Rendering.RenderPipelineAsset,intptr,System.Collections.Generic.List`1<UnityEngine.Camera/RenderRequest>,Unity.Collections.LowLevel.Unsafe.AtomicSafetyHandle)
UnityEditor.PreviewRenderUtility:Render (bool,bool)
UnityEditor.MaterialEditor:DoRenderPreview (UnityEditor.PreviewRenderUtility,bool)
UnityEditor.MaterialEditor:RenderStaticPreview (string,UnityEngine.Object[],int,int)
UnityEditor.AssetPreviewUpdater:CreatePreviewForAsset (UnityEngine.Object,UnityEngine.Object[],string)

[Library/PackageCache/com.unity.render-pipelines.universal@10.5.0/Runtime/UniversalRenderPipeline.cs line 400]

Shader properties can't be added to this global property sheet. Trying to add _GrabTexture_TexelSize (type 1 count 1)
UnityEngine.StackTraceUtility:ExtractStackTrace ()
UnityEngine.Rendering.ScriptableRenderContext:Submit_Internal ()
UnityEngine.Rendering.ScriptableRenderContext:Submit ()
UnityEngine.Rendering.Universal.UniversalRenderPipeline:RenderSingleCamera (UnityEngine.Rendering.ScriptableRenderContext,UnityEngine.Rendering.Universal.CameraData,bool) (at Library/PackageCache/com.unity.render-pipelines.universal@10.5.0/Runtime/UniversalRenderPipeline.cs:400)
UnityEngine.Rendering.Universal.UniversalRenderPipeline:RenderSingleCamera (UnityEngine.Rendering.ScriptableRenderContext,UnityEngine.Camera) (at Library/PackageCache/com.unity.render-pipelines.universal@10.5.0/Runtime/UniversalRenderPipeline.cs:300)
UnityEngine.Rendering.Universal.UniversalRenderPipeline:Render (UnityEngine.Rendering.ScriptableRenderContext,UnityEngine.Camera[]) (at Library/PackageCache/com.unity.render-pipelines.universal@10.5.0/Runtime/UniversalRenderPipeline.cs:255)
UnityEngine.Rendering.RenderPipeline:InternalRender (UnityEngine.Rendering.ScriptableRenderContext,UnityEngine.Camera[])
UnityEngine.Rendering.RenderPipelineManager:DoRenderLoop_Internal (UnityEngine.Rendering.RenderPipelineAsset,intptr,System.Collections.Generic.List`1<UnityEngine.Camera/RenderRequest>,Unity.Collections.LowLevel.Unsafe.AtomicSafetyHandle)
UnityEditor.PreviewRenderUtility:Render (bool,bool)
UnityEditor.MaterialEditor:DoRenderPreview (UnityEditor.PreviewRenderUtility,bool)
UnityEditor.MaterialEditor:RenderStaticPreview (string,UnityEngine.Object[],int,int)
UnityEditor.AssetPreviewUpdater:CreatePreviewForAsset (UnityEngine.Object,UnityEngine.Object[],string)

[Library/PackageCache/com.unity.render-pipelines.universal@10.5.0/Runtime/UniversalRenderPipeline.cs line 400]

Shader properties can't be added to this global property sheet. Trying to add _GrabTexture_HDR (type 1 count 1)
UnityEngine.StackTraceUtility:ExtractStackTrace ()
UnityEngine.Rendering.ScriptableRenderContext:Submit_Internal ()
UnityEngine.Rendering.ScriptableRenderContext:Submit ()
UnityEngine.Rendering.Universal.UniversalRenderPipeline:RenderSingleCamera (UnityEngine.Rendering.ScriptableRenderContext,UnityEngine.Rendering.Universal.CameraData,bool) (at Library/PackageCache/com.unity.render-pipelines.universal@10.5.0/Runtime/UniversalRenderPipeline.cs:400)
UnityEngine.Rendering.Universal.UniversalRenderPipeline:RenderSingleCamera (UnityEngine.Rendering.ScriptableRenderContext,UnityEngine.Camera) (at Library/PackageCache/com.unity.render-pipelines.universal@10.5.0/Runtime/UniversalRenderPipeline.cs:300)
UnityEngine.Rendering.Universal.UniversalRenderPipeline:Render (UnityEngine.Rendering.ScriptableRenderContext,UnityEngine.Camera[]) (at Library/PackageCache/com.unity.render-pipelines.universal@10.5.0/Runtime/UniversalRenderPipeline.cs:255)
UnityEngine.Rendering.RenderPipeline:InternalRender (UnityEngine.Rendering.ScriptableRenderContext,UnityEngine.Camera[])
UnityEngine.Rendering.RenderPipelineManager:DoRenderLoop_Internal (UnityEngine.Rendering.RenderPipelineAsset,intptr,System.Collections.Generic.List`1<UnityEngine.Camera/RenderRequest>,Unity.Collections.LowLevel.Unsafe.AtomicSafetyHandle)
UnityEditor.PreviewRenderUtility:Render (bool,bool)
UnityEditor.MaterialEditor:DoRenderPreview (UnityEditor.PreviewRenderUtility,bool)
UnityEditor.MaterialEditor:RenderStaticPreview (string,UnityEngine.Object[],int,int)
UnityEditor.AssetPreviewUpdater:CreatePreviewForAsset (UnityEngine.Object,UnityEngine.Object[],string)

[Library/PackageCache/com.unity.render-pipelines.universal@10.5.0/Runtime/UniversalRenderPipeline.cs line 400]

 -> (artifact id: '6a31ee267d22bf0234566f403448d718') in 0.025034 seconds
  Import took 0.031085 seconds .

========================================================================
Received Import Request.
  Time since last request: 0.000252 seconds.
  path: Assets/3DPartyAssets/Fantasy Adventure Environment/_DemoScenes/Source/Materials/FAE_WaterfallFoam.mat
  artifactKey: Guid(423d7605d9da149429f208623782952c) Importer(815301076,1909f56bfc062723c751e8b465ee728b)
Start importing Assets/3DPartyAssets/Fantasy Adventure Environment/_DemoScenes/Source/Materials/FAE_WaterfallFoam.mat using Guid(423d7605d9da149429f208623782952c) Importer(815301076,1909f56bfc062723c751e8b465ee728b)  -> (artifact id: '849894dc0067ebe30a4f605c8ba86a1c') in 0.027684 seconds
  Import took 0.032726 seconds .

========================================================================
Received Import Request.
  Time since last request: 0.000220 seconds.
  path: Assets/3DPartyAssets/Fantasy Adventure Environment/_DemoScenes/Source/Materials/FAE_SeaFloor.mat
  artifactKey: Guid(1865ef86cf488024d950c9721cde44c8) Importer(815301076,1909f56bfc062723c751e8b465ee728b)
Start importing Assets/3DPartyAssets/Fantasy Adventure Environment/_DemoScenes/Source/Materials/FAE_SeaFloor.mat using Guid(1865ef86cf488024d950c9721cde44c8) Importer(815301076,1909f56bfc062723c751e8b465ee728b)  -> (artifact id: 'b6ae7fb7942faea15e9d307b2790f577') in 0.027410 seconds
  Import took 0.032475 seconds .

========================================================================
Received Import Request.
  Time since last request: 0.000216 seconds.
  path: Assets/3DPartyAssets/Fantasy Adventure Environment/_DemoScenes/Source/Materials/FAE_Waterfall.mat
  artifactKey: Guid(db3bf6537201aff4ab6c1f79064757f7) Importer(815301076,1909f56bfc062723c751e8b465ee728b)
Start importing Assets/3DPartyAssets/Fantasy Adventure Environment/_DemoScenes/Source/Materials/FAE_Waterfall.mat using Guid(db3bf6537201aff4ab6c1f79064757f7) Importer(815301076,1909f56bfc062723c751e8b465ee728b)  -> (artifact id: '681782f8055be564b32278647635b8c4') in 0.015401 seconds
  Import took 0.020462 seconds .

========================================================================
Received Import Request.
  Time since last request: 0.000192 seconds.
  path: Assets/3DPartyAssets/Fantasy Adventure Environment/_DemoScenes/Source/Materials/StandardTerrain.mat
  artifactKey: Guid(7d857d9d2cb6bb043870f6779f84ef15) Importer(815301076,1909f56bfc062723c751e8b465ee728b)
Start importing Assets/3DPartyAssets/Fantasy Adventure Environment/_DemoScenes/Source/Materials/StandardTerrain.mat using Guid(7d857d9d2cb6bb043870f6779f84ef15) Importer(815301076,1909f56bfc062723c751e8b465ee728b)  -> (artifact id: '4e896bfa4eabcb8f7685da3433c84694') in 0.052809 seconds
  Import took 0.060547 seconds .

========================================================================
Received Import Request.
  Time since last request: 0.000211 seconds.
  path: Assets/3DPartyAssets/Fantasy Adventure Environment/_DemoScenes/Source/Materials/FAE_Pond.mat
  artifactKey: Guid(8c5c05c91ab6daa46939db639b0a7877) Importer(815301076,1909f56bfc062723c751e8b465ee728b)
Start importing Assets/3DPartyAssets/Fantasy Adventure Environment/_DemoScenes/Source/Materials/FAE_Pond.mat using Guid(8c5c05c91ab6daa46939db639b0a7877) Importer(815301076,1909f56bfc062723c751e8b465ee728b) Shader properties can't be added to this global property sheet. Trying to add _GrabTexture (type 3 count 1)
UnityEngine.StackTraceUtility:ExtractStackTrace ()
UnityEngine.Rendering.ScriptableRenderContext:Submit_Internal ()
UnityEngine.Rendering.ScriptableRenderContext:Submit ()
UnityEngine.Rendering.Universal.UniversalRenderPipeline:RenderSingleCamera (UnityEngine.Rendering.ScriptableRenderContext,UnityEngine.Rendering.Universal.CameraData,bool) (at Library/PackageCache/com.unity.render-pipelines.universal@10.5.0/Runtime/UniversalRenderPipeline.cs:400)
UnityEngine.Rendering.Universal.UniversalRenderPipeline:RenderSingleCamera (UnityEngine.Rendering.ScriptableRenderContext,UnityEngine.Camera) (at Library/PackageCache/com.unity.render-pipelines.universal@10.5.0/Runtime/UniversalRenderPipeline.cs:300)
UnityEngine.Rendering.Universal.UniversalRenderPipeline:Render (UnityEngine.Rendering.ScriptableRenderContext,UnityEngine.Camera[]) (at Library/PackageCache/com.unity.render-pipelines.universal@10.5.0/Runtime/UniversalRenderPipeline.cs:255)
UnityEngine.Rendering.RenderPipeline:InternalRender (UnityEngine.Rendering.ScriptableRenderContext,UnityEngine.Camera[])
UnityEngine.Rendering.RenderPipelineManager:DoRenderLoop_Internal (UnityEngine.Rendering.RenderPipelineAsset,intptr,System.Collections.Generic.List`1<UnityEngine.Camera/RenderRequest>,Unity.Collections.LowLevel.Unsafe.AtomicSafetyHandle)
UnityEditor.PreviewRenderUtility:Render (bool,bool)
UnityEditor.MaterialEditor:DoRenderPreview (UnityEditor.PreviewRenderUtility,bool)
UnityEditor.MaterialEditor:RenderStaticPreview (string,UnityEngine.Object[],int,int)
UnityEditor.AssetPreviewUpdater:CreatePreviewForAsset (UnityEngine.Object,UnityEngine.Object[],string)

[Library/PackageCache/com.unity.render-pipelines.universal@10.5.0/Runtime/UniversalRenderPipeline.cs line 400]

Shader properties can't be added to this global property sheet. Trying to add _GrabTexture_ST (type 1 count 1)
UnityEngine.StackTraceUtility:ExtractStackTrace ()
UnityEngine.Rendering.ScriptableRenderContext:Submit_Internal ()
UnityEngine.Rendering.ScriptableRenderContext:Submit ()
UnityEngine.Rendering.Universal.UniversalRenderPipeline:RenderSingleCamera (UnityEngine.Rendering.ScriptableRenderContext,UnityEngine.Rendering.Universal.CameraData,bool) (at Library/PackageCache/com.unity.render-pipelines.universal@10.5.0/Runtime/UniversalRenderPipeline.cs:400)
UnityEngine.Rendering.Universal.UniversalRenderPipeline:RenderSingleCamera (UnityEngine.Rendering.ScriptableRenderContext,UnityEngine.Camera) (at Library/PackageCache/com.unity.render-pipelines.universal@10.5.0/Runtime/UniversalRenderPipeline.cs:300)
UnityEngine.Rendering.Universal.UniversalRenderPipeline:Render (UnityEngine.Rendering.ScriptableRenderContext,UnityEngine.Camera[]) (at Library/PackageCache/com.unity.render-pipelines.universal@10.5.0/Runtime/UniversalRenderPipeline.cs:255)
UnityEngine.Rendering.RenderPipeline:InternalRender (UnityEngine.Rendering.ScriptableRenderContext,UnityEngine.Camera[])
UnityEngine.Rendering.RenderPipelineManager:DoRenderLoop_Internal (UnityEngine.Rendering.RenderPipelineAsset,intptr,System.Collections.Generic.List`1<UnityEngine.Camera/RenderRequest>,Unity.Collections.LowLevel.Unsafe.AtomicSafetyHandle)
UnityEditor.PreviewRenderUtility:Render (bool,bool)
UnityEditor.MaterialEditor:DoRenderPreview (UnityEditor.PreviewRenderUtility,bool)
UnityEditor.MaterialEditor:RenderStaticPreview (string,UnityEngine.Object[],int,int)
UnityEditor.AssetPreviewUpdater:CreatePreviewForAsset (UnityEngine.Object,UnityEngine.Object[],string)

[Library/PackageCache/com.unity.render-pipelines.universal@10.5.0/Runtime/UniversalRenderPipeline.cs line 400]

Shader properties can't be added to this global property sheet. Trying to add _GrabTexture_TexelSize (type 1 count 1)
UnityEngine.StackTraceUtility:ExtractStackTrace ()
UnityEngine.Rendering.ScriptableRenderContext:Submit_Internal ()
UnityEngine.Rendering.ScriptableRenderContext:Submit ()
UnityEngine.Rendering.Universal.UniversalRenderPipeline:RenderSingleCamera (UnityEngine.Rendering.ScriptableRenderContext,UnityEngine.Rendering.Universal.CameraData,bool) (at Library/PackageCache/com.unity.render-pipelines.universal@10.5.0/Runtime/UniversalRenderPipeline.cs:400)
UnityEngine.Rendering.Universal.UniversalRenderPipeline:RenderSingleCamera (UnityEngine.Rendering.ScriptableRenderContext,UnityEngine.Camera) (at Library/PackageCache/com.unity.render-pipelines.universal@10.5.0/Runtime/UniversalRenderPipeline.cs:300)
UnityEngine.Rendering.Universal.UniversalRenderPipeline:Render (UnityEngine.Rendering.ScriptableRenderContext,UnityEngine.Camera[]) (at Library/PackageCache/com.unity.render-pipelines.universal@10.5.0/Runtime/UniversalRenderPipeline.cs:255)
UnityEngine.Rendering.RenderPipeline:InternalRender (UnityEngine.Rendering.ScriptableRenderContext,UnityEngine.Camera[])
UnityEngine.Rendering.RenderPipelineManager:DoRenderLoop_Internal (UnityEngine.Rendering.RenderPipelineAsset,intptr,System.Collections.Generic.List`1<UnityEngine.Camera/RenderRequest>,Unity.Collections.LowLevel.Unsafe.AtomicSafetyHandle)
UnityEditor.PreviewRenderUtility:Render (bool,bool)
UnityEditor.MaterialEditor:DoRenderPreview (UnityEditor.PreviewRenderUtility,bool)
UnityEditor.MaterialEditor:RenderStaticPreview (string,UnityEngine.Object[],int,int)
UnityEditor.AssetPreviewUpdater:CreatePreviewForAsset (UnityEngine.Object,UnityEngine.Object[],string)

[Library/PackageCache/com.unity.render-pipelines.universal@10.5.0/Runtime/UniversalRenderPipeline.cs line 400]

Shader properties can't be added to this global property sheet. Trying to add _GrabTexture_HDR (type 1 count 1)
UnityEngine.StackTraceUtility:ExtractStackTrace ()
UnityEngine.Rendering.ScriptableRenderContext:Submit_Internal ()
UnityEngine.Rendering.ScriptableRenderContext:Submit ()
UnityEngine.Rendering.Universal.UniversalRenderPipeline:RenderSingleCamera (UnityEngine.Rendering.ScriptableRenderContext,UnityEngine.Rendering.Universal.CameraData,bool) (at Library/PackageCache/com.unity.render-pipelines.universal@10.5.0/Runtime/UniversalRenderPipeline.cs:400)
UnityEngine.Rendering.Universal.UniversalRenderPipeline:RenderSingleCamera (UnityEngine.Rendering.ScriptableRenderContext,UnityEngine.Camera) (at Library/PackageCache/com.unity.render-pipelines.universal@10.5.0/Runtime/UniversalRenderPipeline.cs:300)
UnityEngine.Rendering.Universal.UniversalRenderPipeline:Render (UnityEngine.Rendering.ScriptableRenderContext,UnityEngine.Camera[]) (at Library/PackageCache/com.unity.render-pipelines.universal@10.5.0/Runtime/UniversalRenderPipeline.cs:255)
UnityEngine.Rendering.RenderPipeline:InternalRender (UnityEngine.Rendering.ScriptableRenderContext,UnityEngine.Camera[])
UnityEngine.Rendering.RenderPipelineManager:DoRenderLoop_Internal (UnityEngine.Rendering.RenderPipelineAsset,intptr,System.Collections.Generic.List`1<UnityEngine.Camera/RenderRequest>,Unity.Collections.LowLevel.Unsafe.AtomicSafetyHandle)
UnityEditor.PreviewRenderUtility:Render (bool,bool)
UnityEditor.MaterialEditor:DoRenderPreview (UnityEditor.PreviewRenderUtility,bool)
UnityEditor.MaterialEditor:RenderStaticPreview (string,UnityEngine.Object[],int,int)
UnityEditor.AssetPreviewUpdater:CreatePreviewForAsset (UnityEngine.Object,UnityEngine.Object[],string)

[Library/PackageCache/com.unity.render-pipelines.universal@10.5.0/Runtime/UniversalRenderPipeline.cs line 400]

 -> (artifact id: '38f263c426a8ed4430b3f71e6004179e') in 0.014459 seconds
  Import took 0.020605 seconds .

========================================================================
Received Import Request.
  Time since last request: 47.533843 seconds.
  path: Assets/3DPartyAssets/Fantasy Adventure Environment/Source/Trees/Materials/FAE_BirchBranch.mat
  artifactKey: Guid(e8e7f7a29d8c57d4588c75b1e3734626) Importer(815301076,1909f56bfc062723c751e8b465ee728b)
Start importing Assets/3DPartyAssets/Fantasy Adventure Environment/Source/Trees/Materials/FAE_BirchBranch.mat using Guid(e8e7f7a29d8c57d4588c75b1e3734626) Importer(815301076,1909f56bfc062723c751e8b465ee728b)  -> (artifact id: 'f38d5041e8e3fc4582015b15320446b5') in 0.032155 seconds
  Import took 0.036742 seconds .

========================================================================
Received Import Request.
  Time since last request: 0.000584 seconds.
  path: Assets/3DPartyAssets/Fantasy Adventure Environment/Source/Trees/Materials/FAE_SpruceBranch.mat
  artifactKey: Guid(7f949effa36fcd34a827d9795ea58363) Importer(815301076,1909f56bfc062723c751e8b465ee728b)
Start importing Assets/3DPartyAssets/Fantasy Adventure Environment/Source/Trees/Materials/FAE_SpruceBranch.mat using Guid(7f949effa36fcd34a827d9795ea58363) Importer(815301076,1909f56bfc062723c751e8b465ee728b)  -> (artifact id: '261972e12dabc3e691599b2d10650083') in 0.036180 seconds
  Import took 0.041617 seconds .

========================================================================
Received Import Request.
  Time since last request: 0.000318 seconds.
  path: Assets/3DPartyAssets/Fantasy Adventure Environment/Source/Trees/Materials/FAE_WillowBranch.mat
  artifactKey: Guid(3bfca47a3c24bcf41946c0e0276a6b63) Importer(815301076,1909f56bfc062723c751e8b465ee728b)
Start importing Assets/3DPartyAssets/Fantasy Adventure Environment/Source/Trees/Materials/FAE_WillowBranch.mat using Guid(3bfca47a3c24bcf41946c0e0276a6b63) Importer(815301076,1909f56bfc062723c751e8b465ee728b)  -> (artifact id: '40e35190edc35e1cb000859ed5efcf69') in 0.045240 seconds
  Import took 0.052683 seconds .

========================================================================
Received Import Request.
  Time since last request: 0.000250 seconds.
  path: Assets/3DPartyAssets/Fantasy Adventure Environment/Source/Trees/Materials/FAE_PalmBranch.mat
  artifactKey: Guid(78eb5fc2c8145724f97dbfa3aef6a514) Importer(815301076,1909f56bfc062723c751e8b465ee728b)
Start importing Assets/3DPartyAssets/Fantasy Adventure Environment/Source/Trees/Materials/FAE_PalmBranch.mat using Guid(78eb5fc2c8145724f97dbfa3aef6a514) Importer(815301076,1909f56bfc062723c751e8b465ee728b)  -> (artifact id: '0ee97d4763f101ef2c4f8c40f87a6f73') in 0.115074 seconds
  Import took 0.126051 seconds .

========================================================================
Received Import Request.
  Time since last request: 0.000190 seconds.
  path: Assets/3DPartyAssets/Fantasy Adventure Environment/Source/Trees/Materials/FAE_SpruceTrunk.mat
  artifactKey: Guid(3e6da3e84e53ed44a98380507f6e1e64) Importer(815301076,1909f56bfc062723c751e8b465ee728b)
Start importing Assets/3DPartyAssets/Fantasy Adventure Environment/Source/Trees/Materials/FAE_SpruceTrunk.mat using Guid(3e6da3e84e53ed44a98380507f6e1e64) Importer(815301076,1909f56bfc062723c751e8b465ee728b)  -> (artifact id: '671d182bdca6b29edd4039c44e956f41') in 0.023145 seconds
  Import took 0.028509 seconds .

========================================================================
Received Import Request.
  Time since last request: 0.000339 seconds.
  path: Assets/3DPartyAssets/Fantasy Adventure Environment/Source/Trees/Materials/FAE_TreeBush.mat
  artifactKey: Guid(ff1c184244e02964e991b1e1f4c2228c) Importer(815301076,1909f56bfc062723c751e8b465ee728b)
Start importing Assets/3DPartyAssets/Fantasy Adventure Environment/Source/Trees/Materials/FAE_TreeBush.mat using Guid(ff1c184244e02964e991b1e1f4c2228c) Importer(815301076,1909f56bfc062723c751e8b465ee728b)  -> (artifact id: 'c6bea24cff2974b2d8cc4236fb73b435') in 0.067765 seconds
  Import took 0.073295 seconds .

========================================================================
Received Import Request.
  Time since last request: 0.000343 seconds.
  path: Assets/3DPartyAssets/Fantasy Adventure Environment/Source/Trees/Materials/FAE_TreeTrunk.mat
  artifactKey: Guid(38d620a641207954b84b3624003cff56) Importer(815301076,1909f56bfc062723c751e8b465ee728b)
Start importing Assets/3DPartyAssets/Fantasy Adventure Environment/Source/Trees/Materials/FAE_TreeTrunk.mat using Guid(38d620a641207954b84b3624003cff56) Importer(815301076,1909f56bfc062723c751e8b465ee728b)  -> (artifact id: 'ff97e797c520982d1072035c94f15cb9') in 0.017068 seconds
  Import took 0.022476 seconds .

========================================================================
Received Import Request.
  Time since last request: 0.000221 seconds.
  path: Assets/3DPartyAssets/Fantasy Adventure Environment/Source/Trees/Materials/FAE_PineTrunk.mat
  artifactKey: Guid(691c712f689a6c843bf45f83b06bb068) Importer(815301076,1909f56bfc062723c751e8b465ee728b)
Start importing Assets/3DPartyAssets/Fantasy Adventure Environment/Source/Trees/Materials/FAE_PineTrunk.mat using Guid(691c712f689a6c843bf45f83b06bb068) Importer(815301076,1909f56bfc062723c751e8b465ee728b)  -> (artifact id: '6a74befc35b2d8555914e3cceb104ed6') in 0.045419 seconds
  Import took 0.062362 seconds .

========================================================================
Received Import Request.
  Time since last request: 0.000337 seconds.
  path: Assets/3DPartyAssets/Fantasy Adventure Environment/Source/Trees/Materials/FAE_PalmBark.mat
  artifactKey: Guid(1b1b906a1ee89014a8e4febf58b815e3) Importer(815301076,1909f56bfc062723c751e8b465ee728b)
Start importing Assets/3DPartyAssets/Fantasy Adventure Environment/Source/Trees/Materials/FAE_PalmBark.mat using Guid(1b1b906a1ee89014a8e4febf58b815e3) Importer(815301076,1909f56bfc062723c751e8b465ee728b)  -> (artifact id: '337ffe5ef1b2330109774b52cc2e58eb') in 0.022408 seconds
  Import took 0.027239 seconds .

========================================================================
Received Import Request.
  Time since last request: 0.000202 seconds.
  path: Assets/3DPartyAssets/Fantasy Adventure Environment/Source/Trees/Materials/FAE_PineBranch.mat
  artifactKey: Guid(c15a9e956ede7a24fabc27e1e51ffa37) Importer(815301076,1909f56bfc062723c751e8b465ee728b)
Start importing Assets/3DPartyAssets/Fantasy Adventure Environment/Source/Trees/Materials/FAE_PineBranch.mat using Guid(c15a9e956ede7a24fabc27e1e51ffa37) Importer(815301076,1909f56bfc062723c751e8b465ee728b)  -> (artifact id: 'd6c32d4ecd20d84dc473b281c35d81a1') in 0.049931 seconds
  Import took 0.055802 seconds .

========================================================================
Received Import Request.
  Time since last request: 0.000180 seconds.
  path: Assets/3DPartyAssets/Fantasy Adventure Environment/Source/Trees/Materials/FAE_WillowTrunk.mat
  artifactKey: Guid(812991bf969095746910f26a7f33a6b6) Importer(815301076,1909f56bfc062723c751e8b465ee728b)
Start importing Assets/3DPartyAssets/Fantasy Adventure Environment/Source/Trees/Materials/FAE_WillowTrunk.mat using Guid(812991bf969095746910f26a7f33a6b6) Importer(815301076,1909f56bfc062723c751e8b465ee728b)  -> (artifact id: '4b07296a8c24f4c493824eb08d055754') in 0.023890 seconds
  Import took 0.030169 seconds .

========================================================================
Received Import Request.
  Time since last request: 0.000196 seconds.
  path: Assets/3DPartyAssets/Fantasy Adventure Environment/Source/Trees/Materials/FAE_BirchTrunk.mat
  artifactKey: Guid(535cfc5bf7bb00c47b5dfbd2de7b13ba) Importer(815301076,1909f56bfc062723c751e8b465ee728b)
Start importing Assets/3DPartyAssets/Fantasy Adventure Environment/Source/Trees/Materials/FAE_BirchTrunk.mat using Guid(535cfc5bf7bb00c47b5dfbd2de7b13ba) Importer(815301076,1909f56bfc062723c751e8b465ee728b)  -> (artifact id: 'c6f99948b4cdf7c66c601c23a1826f34') in 0.039960 seconds
  Import took 0.045556 seconds .

========================================================================
Received Prepare
Registering precompiled user dll's ...
Registered in 0.002992 seconds.
Begin MonoManager ReloadAssembly
Native extension for WindowsStandalone target not found
Native extension for WebGL target not found
Refreshing native plugins compatible for Editor in 0.51 ms, found 0 plugins.
Preloading 0 native plugins for Editor in 0.00 ms.
Mono: successfully reloaded assembly
- Completed reload, in  1.192 seconds
Platform modules already initialized, skipping
Shader 'Universal Render Pipeline/Particles/Lit': fallback shader 'Universal Render Pipeline/Particles/SimpleLit' not found
Shader 'Universal Render Pipeline/Particles/Lit': fallback shader 'Universal Render Pipeline/Particles/SimpleLit' not found
Refreshing native plugins compatible for Editor in 0.55 ms, found 0 plugins.
Preloading 0 native plugins for Editor in 0.00 ms.
Unloading 2352 Unused Serialized files (Serialized files now loaded: 0)
System memory in use before: 134.2 MB.
System memory in use after: 132.6 MB.

Unloading 36 unused Assets to reduce memory usage. Loaded Objects now: 3008.
Total: 7.707700 ms (FindLiveObjects: 1.342900 ms CreateObjectMapping: 0.710600 ms MarkObjects: 4.374700 ms  DeleteObjects: 1.276900 ms)

========================================================================
Received Prepare
Registering precompiled user dll's ...
Registered in 0.001461 seconds.
Begin MonoManager ReloadAssembly
Native extension for WindowsStandalone target not found
Native extension for WebGL target not found
Refreshing native plugins compatible for Editor in 1.03 ms, found 0 plugins.
Preloading 0 native plugins for Editor in 0.00 ms.
Mono: successfully reloaded assembly
- Completed reload, in  1.024 seconds
Platform modules already initialized, skipping
Shader 'Universal Render Pipeline/Particles/Lit': fallback shader 'Universal Render Pipeline/Particles/SimpleLit' not found
Shader 'Universal Render Pipeline/Particles/Lit': fallback shader 'Universal Render Pipeline/Particles/SimpleLit' not found
Refreshing native plugins compatible for Editor in 0.78 ms, found 0 plugins.
Preloading 0 native plugins for Editor in 0.00 ms.
Unloading 2339 Unused Serialized files (Serialized files now loaded: 0)
System memory in use before: 145.1 MB.
System memory in use after: 131.2 MB.

Unloading 31 unused Assets to reduce memory usage. Loaded Objects now: 3013.
Total: 7.526300 ms (FindLiveObjects: 1.158900 ms CreateObjectMapping: 1.476900 ms MarkObjects: 3.104700 ms  DeleteObjects: 1.784300 ms)

========================================================================
Received Prepare
Registering precompiled user dll's ...
Registered in 0.001316 seconds.
Begin MonoManager ReloadAssembly
Native extension for WindowsStandalone target not found
Native extension for WebGL target not found
Refreshing native plugins compatible for Editor in 0.48 ms, found 0 plugins.
Preloading 0 native plugins for Editor in 0.00 ms.
Mono: successfully reloaded assembly
- Completed reload, in  1.055 seconds
Platform modules already initialized, skipping
Shader 'Universal Render Pipeline/Particles/Lit': fallback shader 'Universal Render Pipeline/Particles/SimpleLit' not found
Shader 'Universal Render Pipeline/Particles/Lit': fallback shader 'Universal Render Pipeline/Particles/SimpleLit' not found
Refreshing native plugins compatible for Editor in 0.56 ms, found 0 plugins.
Preloading 0 native plugins for Editor in 0.00 ms.
Unloading 2339 Unused Serialized files (Serialized files now loaded: 0)
System memory in use before: 145.4 MB.
System memory in use after: 131.4 MB.

Unloading 31 unused Assets to reduce memory usage. Loaded Objects now: 3016.
Total: 5.201700 ms (FindLiveObjects: 0.450800 ms CreateObjectMapping: 0.145300 ms MarkObjects: 2.251700 ms  DeleteObjects: 2.352400 ms)

========================================================================
Received Import Request.
  Time since last request: 275.489830 seconds.
  path: Assets/3DPartyAssets/AZURE Nature/Demo/AN_Demo_Skybox.mat
  artifactKey: Guid(acdc62d6857c11f4c87c7908f12ef858) Importer(815301076,1909f56bfc062723c751e8b465ee728b)
Start importing Assets/3DPartyAssets/AZURE Nature/Demo/AN_Demo_Skybox.mat using Guid(acdc62d6857c11f4c87c7908f12ef858) Importer(815301076,1909f56bfc062723c751e8b465ee728b)  -> (artifact id: 'ecc2a6bf58b25a9d11d6462d3749e5d2') in 0.220598 seconds
  Import took 0.225093 seconds .

========================================================================
Received Import Request.
  Time since last request: 0.000244 seconds.
  path: Assets/3DPartyAssets/AZURE Nature/Demo/AN_Post-processing.asset
  artifactKey: Guid(eda49b824299fec43b428add4d8a2834) Importer(815301076,1909f56bfc062723c751e8b465ee728b)
Start importing Assets/3DPartyAssets/AZURE Nature/Demo/AN_Post-processing.asset using Guid(eda49b824299fec43b428add4d8a2834) Importer(815301076,1909f56bfc062723c751e8b465ee728b)  -> (artifact id: '23e6d189ff10a2853749a627cc8aaa36') in 0.010704 seconds
  Import took 0.015173 seconds .

========================================================================
Received Import Request.
  Time since last request: 0.000288 seconds.
  path: Assets/3DPartyAssets/AZURE Nature/Demo/AN_Terrain.asset
  artifactKey: Guid(df3bd19f9bc09ac47bd77e1337bbec8c) Importer(815301076,1909f56bfc062723c751e8b465ee728b)
Start importing Assets/3DPartyAssets/AZURE Nature/Demo/AN_Terrain.asset using Guid(df3bd19f9bc09ac47bd77e1337bbec8c) Importer(815301076,1909f56bfc062723c751e8b465ee728b)  -> (artifact id: '852809461555536a76d50a6f9eafdf40') in 0.039856 seconds
  Import took 0.044511 seconds .

========================================================================
Received Import Request.
  Time since last request: 1.875862 seconds.
  path: Assets/3DPartyAssets/AZURE Nature/Demo/AN_Demo.unity
  artifactKey: Guid(383aeff0143f15b48a904c9837dacc3e) Importer(815301076,1909f56bfc062723c751e8b465ee728b)
Start importing Assets/3DPartyAssets/AZURE Nature/Demo/AN_Demo.unity using Guid(383aeff0143f15b48a904c9837dacc3e) Importer(815301076,1909f56bfc062723c751e8b465ee728b)  -> (artifact id: '8fbfc4b1813fa04effa58c64a6c4d485') in 0.007484 seconds
  Import took 0.011228 seconds .

========================================================================
Received Import Request.
  Time since last request: 0.000360 seconds.
  path: Assets/3DPartyAssets/AZURE Nature/Demo/AN_Demo.unity
  artifactKey: Guid(383aeff0143f15b48a904c9837dacc3e) Importer(815301076,1909f56bfc062723c751e8b465ee728b)
Start importing Assets/3DPartyAssets/AZURE Nature/Demo/AN_Demo.unity using Guid(383aeff0143f15b48a904c9837dacc3e) Importer(815301076,1909f56bfc062723c751e8b465ee728b)  -> (artifact id: '8fbfc4b1813fa04effa58c64a6c4d485') in 0.013503 seconds
  Import took 0.017268 seconds .

========================================================================
Received Import Request.
  Time since last request: 14.865054 seconds.
  path: Assets/3DPartyAssets/AZURE Nature/Readme.txt
  artifactKey: Guid(e73b05f7bdedcac4a95f5fefe6229e55) Importer(815301076,1909f56bfc062723c751e8b465ee728b)
Start importing Assets/3DPartyAssets/AZURE Nature/Readme.txt using Guid(e73b05f7bdedcac4a95f5fefe6229e55) Importer(815301076,1909f56bfc062723c751e8b465ee728b)  -> (artifact id: '945393c54358411306371fac9e8a29fc') in 0.047741 seconds
  Import took 0.067385 seconds .

========================================================================
Received Import Request.
  Time since last request: 23.350477 seconds.
  path: Assets/3DPartyAssets/AZURE Nature/Materials/AN_GodRays_Glow.mat
  artifactKey: Guid(517079be638369849bf6df2353fa3296) Importer(815301076,1909f56bfc062723c751e8b465ee728b)
Start importing Assets/3DPartyAssets/AZURE Nature/Materials/AN_GodRays_Glow.mat using Guid(517079be638369849bf6df2353fa3296) Importer(815301076,1909f56bfc062723c751e8b465ee728b)  -> (artifact id: 'd0bc77ad3aa735089f6198a4822099e2') in 0.041526 seconds
  Import took 0.047052 seconds .

========================================================================
Received Import Request.
  Time since last request: 0.000316 seconds.
  path: Assets/3DPartyAssets/AZURE Nature/Materials/AN_Leaf_Green.mat
  artifactKey: Guid(e58ff5389281dd44195b4986af6238aa) Importer(815301076,1909f56bfc062723c751e8b465ee728b)
Start importing Assets/3DPartyAssets/AZURE Nature/Materials/AN_Leaf_Green.mat using Guid(e58ff5389281dd44195b4986af6238aa) Importer(815301076,1909f56bfc062723c751e8b465ee728b)  -> (artifact id: '9c0643a2ed54c03fcb401ce09d38f87b') in 0.071015 seconds
  Import took 0.074963 seconds .

========================================================================
Received Import Request.
  Time since last request: 0.000241 seconds.
  path: Assets/3DPartyAssets/AZURE Nature/Materials/AN_Snowflake.mat
  artifactKey: Guid(8fce5b9c59418604b9d0078621f2f987) Importer(815301076,1909f56bfc062723c751e8b465ee728b)
Start importing Assets/3DPartyAssets/AZURE Nature/Materials/AN_Snowflake.mat using Guid(8fce5b9c59418604b9d0078621f2f987) Importer(815301076,1909f56bfc062723c751e8b465ee728b)  -> (artifact id: '82178e45c707a203bce6491fb99f0af9') in 0.025359 seconds
  Import took 0.029833 seconds .

========================================================================
Received Import Request.
  Time since last request: 0.000207 seconds.
  path: Assets/3DPartyAssets/AZURE Nature/Materials/AN_Leaf_Orange.mat
  artifactKey: Guid(5540d6a8feae5ec4680b0810141cdb01) Importer(815301076,1909f56bfc062723c751e8b465ee728b)
Start importing Assets/3DPartyAssets/AZURE Nature/Materials/AN_Leaf_Orange.mat using Guid(5540d6a8feae5ec4680b0810141cdb01) Importer(815301076,1909f56bfc062723c751e8b465ee728b)  -> (artifact id: 'ebf92900bdfcdd6739aa316de8bb7512') in 0.012512 seconds
  Import took 0.020278 seconds .

========================================================================
Received Import Request.
  Time since last request: 12.494225 seconds.
  path: Assets/3DPartyAssets/AZURE Nature/Materials/Nature
  artifactKey: Guid(64810fbfd800ea74882c0d3d997b5abf) Importer(815301076,1909f56bfc062723c751e8b465ee728b)
Start importing Assets/3DPartyAssets/AZURE Nature/Materials/Nature using Guid(64810fbfd800ea74882c0d3d997b5abf) Importer(815301076,1909f56bfc062723c751e8b465ee728b)  -> (artifact id: 'e605b294ee572f00e9aefe34a32e70a3') in 0.019293 seconds
  Import took 0.023829 seconds .

========================================================================
Received Import Request.
  Time since last request: 0.072407 seconds.
  path: Assets/3DPartyAssets/AZURE Nature/Materials/Nature/AN_Birch_Bark.mat
  artifactKey: Guid(9ba67f4f3efcb2f4ba5fedb55102299f) Importer(815301076,1909f56bfc062723c751e8b465ee728b)
Start importing Assets/3DPartyAssets/AZURE Nature/Materials/Nature/AN_Birch_Bark.mat using Guid(9ba67f4f3efcb2f4ba5fedb55102299f) Importer(815301076,1909f56bfc062723c751e8b465ee728b)  -> (artifact id: '1de8322556febbcd2c34e0376dc1994c') in 0.022028 seconds
  Import took 0.030516 seconds .

========================================================================
Received Import Request.
  Time since last request: 0.000236 seconds.
  path: Assets/3DPartyAssets/AZURE Nature/Materials/Nature/AN_Flowers.mat
  artifactKey: Guid(75c8c152672dcb84fb37e70c16c34021) Importer(815301076,1909f56bfc062723c751e8b465ee728b)
Start importing Assets/3DPartyAssets/AZURE Nature/Materials/Nature/AN_Flowers.mat using Guid(75c8c152672dcb84fb37e70c16c34021) Importer(815301076,1909f56bfc062723c751e8b465ee728b)  -> (artifact id: '2caad3b7931a19640848cec1823a82ac') in 0.302217 seconds
  Import took 0.306387 seconds .

========================================================================
Received Import Request.
  Time since last request: 0.000333 seconds.
  path: Assets/3DPartyAssets/AZURE Nature/Materials/Nature/AN_Reeds.mat
  artifactKey: Guid(aa46c49577171964d87f679e5426d03f) Importer(815301076,1909f56bfc062723c751e8b465ee728b)
Start importing Assets/3DPartyAssets/AZURE Nature/Materials/Nature/AN_Reeds.mat using Guid(aa46c49577171964d87f679e5426d03f) Importer(815301076,1909f56bfc062723c751e8b465ee728b)  -> (artifact id: '9bb3490b2d0fca85a0d9f5c33ed20a47') in 0.175138 seconds
  Import took 0.179396 seconds .

========================================================================
Received Import Request.
  Time since last request: 0.000174 seconds.
  path: Assets/3DPartyAssets/AZURE Nature/Materials/Nature/AN_Fir_Branch.mat
  artifactKey: Guid(edc84dc1728b0fc458b4a8ef97842c2e) Importer(815301076,1909f56bfc062723c751e8b465ee728b)
Start importing Assets/3DPartyAssets/AZURE Nature/Materials/Nature/AN_Fir_Branch.mat using Guid(edc84dc1728b0fc458b4a8ef97842c2e) Importer(815301076,1909f56bfc062723c751e8b465ee728b)  -> (artifact id: 'cd1bf3aea2416928faf65a9c53c2e93c') in 0.027342 seconds
  Import took 0.031414 seconds .

========================================================================
Received Import Request.
  Time since last request: 0.000227 seconds.
  path: Assets/3DPartyAssets/AZURE Nature/Materials/Nature/AN_Grass_1.mat
  artifactKey: Guid(6eaf6b958c00dd2458d54d6b64bc31ce) Importer(815301076,1909f56bfc062723c751e8b465ee728b)
Start importing Assets/3DPartyAssets/AZURE Nature/Materials/Nature/AN_Grass_1.mat using Guid(6eaf6b958c00dd2458d54d6b64bc31ce) Importer(815301076,1909f56bfc062723c751e8b465ee728b)  -> (artifact id: '0d93a2b21fb63b47bd23bd2c4bedcc58') in 0.032337 seconds
  Import took 0.036960 seconds .

========================================================================
Received Import Request.
  Time since last request: 0.000183 seconds.
  path: Assets/3DPartyAssets/AZURE Nature/Materials/Nature/AN_Bush_Branches.mat
  artifactKey: Guid(35ce917939531c349a9925449009cffc) Importer(815301076,1909f56bfc062723c751e8b465ee728b)
Start importing Assets/3DPartyAssets/AZURE Nature/Materials/Nature/AN_Bush_Branches.mat using Guid(35ce917939531c349a9925449009cffc) Importer(815301076,1909f56bfc062723c751e8b465ee728b)  -> (artifact id: '791420d93cb5d6c91520099c0d43363d') in 0.029437 seconds
  Import took 0.040190 seconds .

========================================================================
Received Import Request.
  Time since last request: 0.000226 seconds.
  path: Assets/3DPartyAssets/AZURE Nature/Materials/Nature/AN_Flowers_Purple.mat
  artifactKey: Guid(c2d7be60ab79a734f877f71ef44f232d) Importer(815301076,1909f56bfc062723c751e8b465ee728b)
Start importing Assets/3DPartyAssets/AZURE Nature/Materials/Nature/AN_Flowers_Purple.mat using Guid(c2d7be60ab79a734f877f71ef44f232d) Importer(815301076,1909f56bfc062723c751e8b465ee728b)  -> (artifact id: 'ed668cfcc2155c74232d62fa6f69e598') in 0.315172 seconds
  Import took 0.320126 seconds .

========================================================================
Received Import Request.
  Time since last request: 0.000217 seconds.
  path: Assets/3DPartyAssets/AZURE Nature/Materials/Nature/AN_Bush_Flowers.mat
  artifactKey: Guid(a3826727875ebd4499cb5fb333467b6a) Importer(815301076,1909f56bfc062723c751e8b465ee728b)
Start importing Assets/3DPartyAssets/AZURE Nature/Materials/Nature/AN_Bush_Flowers.mat using Guid(a3826727875ebd4499cb5fb333467b6a) Importer(815301076,1909f56bfc062723c751e8b465ee728b)  -> (artifact id: '0c64fce64e76d47b2ca1d3decfdf79b9') in 0.034169 seconds
  Import took 0.038884 seconds .

========================================================================
Received Import Request.
  Time since last request: 0.000233 seconds.
  path: Assets/3DPartyAssets/AZURE Nature/Materials/Nature/AN_Mushrooms.mat
  artifactKey: Guid(3a4fa83fd3986ea4d99f91acc2dd558c) Importer(815301076,1909f56bfc062723c751e8b465ee728b)
Start importing Assets/3DPartyAssets/AZURE Nature/Materials/Nature/AN_Mushrooms.mat using Guid(3a4fa83fd3986ea4d99f91acc2dd558c) Importer(815301076,1909f56bfc062723c751e8b465ee728b)  -> (artifact id: '021c7277bc176c9f950342398333955d') in 0.029140 seconds
  Import took 0.034657 seconds .

========================================================================
Received Import Request.
  Time since last request: 0.000307 seconds.
  path: Assets/3DPartyAssets/AZURE Nature/Materials/Nature/AN_Bush_Leaves_2.mat
  artifactKey: Guid(3ddaf7ac0d1c10e43832f58ff5ab876b) Importer(815301076,1909f56bfc062723c751e8b465ee728b)
Start importing Assets/3DPartyAssets/AZURE Nature/Materials/Nature/AN_Bush_Leaves_2.mat using Guid(3ddaf7ac0d1c10e43832f58ff5ab876b) Importer(815301076,1909f56bfc062723c751e8b465ee728b)  -> (artifact id: '14b1173571a5d5272cf10112a0c588b8') in 0.029888 seconds
  Import took 0.034411 seconds .

========================================================================
Received Import Request.
  Time since last request: 0.000202 seconds.
  path: Assets/3DPartyAssets/AZURE Nature/Materials/Nature/AN_Bush_Leaves.mat
  artifactKey: Guid(dd386f1025075e24ba268b511beb6575) Importer(815301076,1909f56bfc062723c751e8b465ee728b)
Start importing Assets/3DPartyAssets/AZURE Nature/Materials/Nature/AN_Bush_Leaves.mat using Guid(dd386f1025075e24ba268b511beb6575) Importer(815301076,1909f56bfc062723c751e8b465ee728b)  -> (artifact id: '6474dad0bedb2af40b1eb17d5b486666') in 0.046256 seconds
  Import took 0.050497 seconds .

========================================================================
Received Import Request.
  Time since last request: 0.000205 seconds.
  path: Assets/3DPartyAssets/AZURE Nature/Materials/Nature/AN_Reedmace.mat
  artifactKey: Guid(145a274756fa29145a59a0dea7b822a8) Importer(815301076,1909f56bfc062723c751e8b465ee728b)
Start importing Assets/3DPartyAssets/AZURE Nature/Materials/Nature/AN_Reedmace.mat using Guid(145a274756fa29145a59a0dea7b822a8) Importer(815301076,1909f56bfc062723c751e8b465ee728b)  -> (artifact id: '8c60adfafa6032977b8c7736afe74404') in 0.019525 seconds
  Import took 0.028348 seconds .

========================================================================
Received Import Request.
  Time since last request: 0.000213 seconds.
  path: Assets/3DPartyAssets/AZURE Nature/Materials/Nature/AN_Broadleaf_Leaves_1.mat
  artifactKey: Guid(938d2f0d65494a643b06866694269262) Importer(815301076,1909f56bfc062723c751e8b465ee728b)
Start importing Assets/3DPartyAssets/AZURE Nature/Materials/Nature/AN_Broadleaf_Leaves_1.mat using Guid(938d2f0d65494a643b06866694269262) Importer(815301076,1909f56bfc062723c751e8b465ee728b)  -> (artifact id: '91dbd2b3268473d8d56296de6e00fa4c') in 0.043889 seconds
  Import took 0.051034 seconds .

========================================================================
Received Import Request.
  Time since last request: 0.000238 seconds.
  path: Assets/3DPartyAssets/AZURE Nature/Materials/Nature/AN_Broadleaf_Leaves_2.mat
  artifactKey: Guid(d5b0e091beb557d4eacd100d9751e1cf) Importer(815301076,1909f56bfc062723c751e8b465ee728b)
Start importing Assets/3DPartyAssets/AZURE Nature/Materials/Nature/AN_Broadleaf_Leaves_2.mat using Guid(d5b0e091beb557d4eacd100d9751e1cf) Importer(815301076,1909f56bfc062723c751e8b465ee728b)  -> (artifact id: '1a76637f7cf0bdb1e1edc0f5683927c3') in 0.044528 seconds
  Import took 0.049624 seconds .

========================================================================
Received Import Request.
  Time since last request: 0.001166 seconds.
  path: Assets/3DPartyAssets/AZURE Nature/Materials/Nature/AN_Birch_Leaves.mat
  artifactKey: Guid(21ebd6624603c6245b74c69d227aa896) Importer(815301076,1909f56bfc062723c751e8b465ee728b)
Start importing Assets/3DPartyAssets/AZURE Nature/Materials/Nature/AN_Birch_Leaves.mat using Guid(21ebd6624603c6245b74c69d227aa896) Importer(815301076,1909f56bfc062723c751e8b465ee728b)  -> (artifact id: 'b51253b301a57cb595afd837ac404c80') in 0.027283 seconds
  Import took 0.033667 seconds .

========================================================================
Received Import Request.
  Time since last request: 0.000243 seconds.
  path: Assets/3DPartyAssets/AZURE Nature/Materials/Nature/AN_DeadTree_Bark.mat
  artifactKey: Guid(fbe76b8cb064688438d22fdbbc5071ee) Importer(815301076,1909f56bfc062723c751e8b465ee728b)
Start importing Assets/3DPartyAssets/AZURE Nature/Materials/Nature/AN_DeadTree_Bark.mat using Guid(fbe76b8cb064688438d22fdbbc5071ee) Importer(815301076,1909f56bfc062723c751e8b465ee728b)  -> (artifact id: 'f14899c90c780adcda55133dbddb1e73') in 0.025438 seconds
  Import took 0.031471 seconds .

========================================================================
Received Import Request.
  Time since last request: 0.000288 seconds.
  path: Assets/3DPartyAssets/AZURE Nature/Materials/Nature/AN_Fir_Bark.mat
  artifactKey: Guid(232663b7e003870478ab27e8a630519e) Importer(815301076,1909f56bfc062723c751e8b465ee728b)
Start importing Assets/3DPartyAssets/AZURE Nature/Materials/Nature/AN_Fir_Bark.mat using Guid(232663b7e003870478ab27e8a630519e) Importer(815301076,1909f56bfc062723c751e8b465ee728b)  -> (artifact id: 'b77e620202799008b07cdc75ef09d931') in 0.036708 seconds
  Import took 0.041828 seconds .

========================================================================
Received Import Request.
  Time since last request: 0.000191 seconds.
  path: Assets/3DPartyAssets/AZURE Nature/Materials/Nature/AN_Broadleaf_Bark.mat
  artifactKey: Guid(11b386df1c4173a479719155b1160910) Importer(815301076,1909f56bfc062723c751e8b465ee728b)
Start importing Assets/3DPartyAssets/AZURE Nature/Materials/Nature/AN_Broadleaf_Bark.mat using Guid(11b386df1c4173a479719155b1160910) Importer(815301076,1909f56bfc062723c751e8b465ee728b)  -> (artifact id: 'c0d2023d4b3fdf05a935397c78b1b01f') in 0.039096 seconds
  Import took 0.044589 seconds .

========================================================================
Received Import Request.
  Time since last request: 0.000341 seconds.
  path: Assets/3DPartyAssets/AZURE Nature/Materials/Nature/AN_Grass_2.mat
  artifactKey: Guid(d862d52e14d58534a98fa6b0bae2e9a9) Importer(815301076,1909f56bfc062723c751e8b465ee728b)
Start importing Assets/3DPartyAssets/AZURE Nature/Materials/Nature/AN_Grass_2.mat using Guid(d862d52e14d58534a98fa6b0bae2e9a9) Importer(815301076,1909f56bfc062723c751e8b465ee728b)  -> (artifact id: '6f55af108006815980ee421ffffb70a4') in 0.039887 seconds
  Import took 0.048878 seconds .

========================================================================
Received Import Request.
  Time since last request: 0.001485 seconds.
  path: Assets/3DPartyAssets/AZURE Nature/Materials/Nature/AN_Water.mat
  artifactKey: Guid(407ff4437c5abc044ace6a0f89594b63) Importer(815301076,1909f56bfc062723c751e8b465ee728b)
Start importing Assets/3DPartyAssets/AZURE Nature/Materials/Nature/AN_Water.mat using Guid(407ff4437c5abc044ace6a0f89594b63) Importer(815301076,1909f56bfc062723c751e8b465ee728b) Shader properties can't be added to this global property sheet. Trying to add _GrabTexture (type 3 count 1)
UnityEngine.StackTraceUtility:ExtractStackTrace ()
UnityEngine.Rendering.ScriptableRenderContext:Submit_Internal ()
UnityEngine.Rendering.ScriptableRenderContext:Submit ()
UnityEngine.Rendering.Universal.UniversalRenderPipeline:RenderSingleCamera (UnityEngine.Rendering.ScriptableRenderContext,UnityEngine.Rendering.Universal.CameraData,bool) (at Library/PackageCache/com.unity.render-pipelines.universal@10.5.0/Runtime/UniversalRenderPipeline.cs:400)
UnityEngine.Rendering.Universal.UniversalRenderPipeline:RenderSingleCamera (UnityEngine.Rendering.ScriptableRenderContext,UnityEngine.Camera) (at Library/PackageCache/com.unity.render-pipelines.universal@10.5.0/Runtime/UniversalRenderPipeline.cs:300)
UnityEngine.Rendering.Universal.UniversalRenderPipeline:Render (UnityEngine.Rendering.ScriptableRenderContext,UnityEngine.Camera[]) (at Library/PackageCache/com.unity.render-pipelines.universal@10.5.0/Runtime/UniversalRenderPipeline.cs:255)
UnityEngine.Rendering.RenderPipeline:InternalRender (UnityEngine.Rendering.ScriptableRenderContext,UnityEngine.Camera[])
UnityEngine.Rendering.RenderPipelineManager:DoRenderLoop_Internal (UnityEngine.Rendering.RenderPipelineAsset,intptr,System.Collections.Generic.List`1<UnityEngine.Camera/RenderRequest>,Unity.Collections.LowLevel.Unsafe.AtomicSafetyHandle)
UnityEditor.PreviewRenderUtility:Render (bool,bool)
UnityEditor.MaterialEditor:DoRenderPreview (UnityEditor.PreviewRenderUtility,bool)
UnityEditor.MaterialEditor:RenderStaticPreview (string,UnityEngine.Object[],int,int)
UnityEditor.AssetPreviewUpdater:CreatePreviewForAsset (UnityEngine.Object,UnityEngine.Object[],string)

[Library/PackageCache/com.unity.render-pipelines.universal@10.5.0/Runtime/UniversalRenderPipeline.cs line 400]

Shader properties can't be added to this global property sheet. Trying to add _GrabTexture_ST (type 1 count 1)
UnityEngine.StackTraceUtility:ExtractStackTrace ()
UnityEngine.Rendering.ScriptableRenderContext:Submit_Internal ()
UnityEngine.Rendering.ScriptableRenderContext:Submit ()
UnityEngine.Rendering.Universal.UniversalRenderPipeline:RenderSingleCamera (UnityEngine.Rendering.ScriptableRenderContext,UnityEngine.Rendering.Universal.CameraData,bool) (at Library/PackageCache/com.unity.render-pipelines.universal@10.5.0/Runtime/UniversalRenderPipeline.cs:400)
UnityEngine.Rendering.Universal.UniversalRenderPipeline:RenderSingleCamera (UnityEngine.Rendering.ScriptableRenderContext,UnityEngine.Camera) (at Library/PackageCache/com.unity.render-pipelines.universal@10.5.0/Runtime/UniversalRenderPipeline.cs:300)
UnityEngine.Rendering.Universal.UniversalRenderPipeline:Render (UnityEngine.Rendering.ScriptableRenderContext,UnityEngine.Camera[]) (at Library/PackageCache/com.unity.render-pipelines.universal@10.5.0/Runtime/UniversalRenderPipeline.cs:255)
UnityEngine.Rendering.RenderPipeline:InternalRender (UnityEngine.Rendering.ScriptableRenderContext,UnityEngine.Camera[])
UnityEngine.Rendering.RenderPipelineManager:DoRenderLoop_Internal (UnityEngine.Rendering.RenderPipelineAsset,intptr,System.Collections.Generic.List`1<UnityEngine.Camera/RenderRequest>,Unity.Collections.LowLevel.Unsafe.AtomicSafetyHandle)
UnityEditor.PreviewRenderUtility:Render (bool,bool)
UnityEditor.MaterialEditor:DoRenderPreview (UnityEditor.PreviewRenderUtility,bool)
UnityEditor.MaterialEditor:RenderStaticPreview (string,UnityEngine.Object[],int,int)
UnityEditor.AssetPreviewUpdater:CreatePreviewForAsset (UnityEngine.Object,UnityEngine.Object[],string)

[Library/PackageCache/com.unity.render-pipelines.universal@10.5.0/Runtime/UniversalRenderPipeline.cs line 400]

Shader properties can't be added to this global property sheet. Trying to add _GrabTexture_TexelSize (type 1 count 1)
UnityEngine.StackTraceUtility:ExtractStackTrace ()
UnityEngine.Rendering.ScriptableRenderContext:Submit_Internal ()
UnityEngine.Rendering.ScriptableRenderContext:Submit ()
UnityEngine.Rendering.Universal.UniversalRenderPipeline:RenderSingleCamera (UnityEngine.Rendering.ScriptableRenderContext,UnityEngine.Rendering.Universal.CameraData,bool) (at Library/PackageCache/com.unity.render-pipelines.universal@10.5.0/Runtime/UniversalRenderPipeline.cs:400)
UnityEngine.Rendering.Universal.UniversalRenderPipeline:RenderSingleCamera (UnityEngine.Rendering.ScriptableRenderContext,UnityEngine.Camera) (at Library/PackageCache/com.unity.render-pipelines.universal@10.5.0/Runtime/UniversalRenderPipeline.cs:300)
UnityEngine.Rendering.Universal.UniversalRenderPipeline:Render (UnityEngine.Rendering.ScriptableRenderContext,UnityEngine.Camera[]) (at Library/PackageCache/com.unity.render-pipelines.universal@10.5.0/Runtime/UniversalRenderPipeline.cs:255)
UnityEngine.Rendering.RenderPipeline:InternalRender (UnityEngine.Rendering.ScriptableRenderContext,UnityEngine.Camera[])
UnityEngine.Rendering.RenderPipelineManager:DoRenderLoop_Internal (UnityEngine.Rendering.RenderPipelineAsset,intptr,System.Collections.Generic.List`1<UnityEngine.Camera/RenderRequest>,Unity.Collections.LowLevel.Unsafe.AtomicSafetyHandle)
UnityEditor.PreviewRenderUtility:Render (bool,bool)
UnityEditor.MaterialEditor:DoRenderPreview (UnityEditor.PreviewRenderUtility,bool)
UnityEditor.MaterialEditor:RenderStaticPreview (string,UnityEngine.Object[],int,int)
UnityEditor.AssetPreviewUpdater:CreatePreviewForAsset (UnityEngine.Object,UnityEngine.Object[],string)

[Library/PackageCache/com.unity.render-pipelines.universal@10.5.0/Runtime/UniversalRenderPipeline.cs line 400]

Shader properties can't be added to this global property sheet. Trying to add _GrabTexture_HDR (type 1 count 1)
UnityEngine.StackTraceUtility:ExtractStackTrace ()
UnityEngine.Rendering.ScriptableRenderContext:Submit_Internal ()
UnityEngine.Rendering.ScriptableRenderContext:Submit ()
UnityEngine.Rendering.Universal.UniversalRenderPipeline:RenderSingleCamera (UnityEngine.Rendering.ScriptableRenderContext,UnityEngine.Rendering.Universal.CameraData,bool) (at Library/PackageCache/com.unity.render-pipelines.universal@10.5.0/Runtime/UniversalRenderPipeline.cs:400)
UnityEngine.Rendering.Universal.UniversalRenderPipeline:RenderSingleCamera (UnityEngine.Rendering.ScriptableRenderContext,UnityEngine.Camera) (at Library/PackageCache/com.unity.render-pipelines.universal@10.5.0/Runtime/UniversalRenderPipeline.cs:300)
UnityEngine.Rendering.Universal.UniversalRenderPipeline:Render (UnityEngine.Rendering.ScriptableRenderContext,UnityEngine.Camera[]) (at Library/PackageCache/com.unity.render-pipelines.universal@10.5.0/Runtime/UniversalRenderPipeline.cs:255)
UnityEngine.Rendering.RenderPipeline:InternalRender (UnityEngine.Rendering.ScriptableRenderContext,UnityEngine.Camera[])
UnityEngine.Rendering.RenderPipelineManager:DoRenderLoop_Internal (UnityEngine.Rendering.RenderPipelineAsset,intptr,System.Collections.Generic.List`1<UnityEngine.Camera/RenderRequest>,Unity.Collections.LowLevel.Unsafe.AtomicSafetyHandle)
UnityEditor.PreviewRenderUtility:Render (bool,bool)
UnityEditor.MaterialEditor:DoRenderPreview (UnityEditor.PreviewRenderUtility,bool)
UnityEditor.MaterialEditor:RenderStaticPreview (string,UnityEngine.Object[],int,int)
UnityEditor.AssetPreviewUpdater:CreatePreviewForAsset (UnityEngine.Object,UnityEngine.Object[],string)

[Library/PackageCache/com.unity.render-pipelines.universal@10.5.0/Runtime/UniversalRenderPipeline.cs line 400]

 -> (artifact id: '198b1c317db080a40f84ce0b53168574') in 0.021455 seconds
  Import took 0.031211 seconds .

========================================================================
Received Import Request.
  Time since last request: 0.000338 seconds.
  path: Assets/3DPartyAssets/AZURE Nature/Materials/Nature/AN_WaterLily.mat
  artifactKey: Guid(03a0be52cfca2414b99eea2afc1655ba) Importer(815301076,1909f56bfc062723c751e8b465ee728b)
Start importing Assets/3DPartyAssets/AZURE Nature/Materials/Nature/AN_WaterLily.mat using Guid(03a0be52cfca2414b99eea2afc1655ba) Importer(815301076,1909f56bfc062723c751e8b465ee728b)  -> (artifact id: 'd6867c5f293e1f5d065e46eec0b40764') in 0.045264 seconds
  Import took 0.050927 seconds .

========================================================================
Received Import Request.
  Time since last request: 25.875045 seconds.
  path: Assets/3DPartyAssets/AZURE Nature/SRP Packages
  artifactKey: Guid(ca3361da4226a1e4b832ff07d4e251f4) Importer(815301076,1909f56bfc062723c751e8b465ee728b)
Start importing Assets/3DPartyAssets/AZURE Nature/SRP Packages using Guid(ca3361da4226a1e4b832ff07d4e251f4) Importer(815301076,1909f56bfc062723c751e8b465ee728b)  -> (artifact id: 'a65e9c919dfe62c9f2f4a0b3d1cae976') in 0.010030 seconds
  Import took 0.015578 seconds .

========================================================================
Received Import Request.
  Time since last request: 1.219680 seconds.
  path: Assets/3DPartyAssets/AZURE Nature/SRP Packages/AN_Built-in_(2019.1+).unitypackage
  artifactKey: Guid(ba83144a7ca63164fb1ccbeaf53338c0) Importer(815301076,1909f56bfc062723c751e8b465ee728b)
Start importing Assets/3DPartyAssets/AZURE Nature/SRP Packages/AN_Built-in_(2019.1+).unitypackage using Guid(ba83144a7ca63164fb1ccbeaf53338c0) Importer(815301076,1909f56bfc062723c751e8b465ee728b)  -> (artifact id: 'c6b0145c0dc8bef9efc92b5029425357') in 0.017214 seconds
  Import took 0.022107 seconds .

========================================================================
Received Import Request.
  Time since last request: 0.973904 seconds.
  path: Assets/3DPartyAssets/AZURE Nature/SRP Packages/AN_LWRP_(2019.1-2019.2).unitypackage
  artifactKey: Guid(66bb1642e6eb78744854e341bdbeead3) Importer(815301076,1909f56bfc062723c751e8b465ee728b)
Start importing Assets/3DPartyAssets/AZURE Nature/SRP Packages/AN_LWRP_(2019.1-2019.2).unitypackage using Guid(66bb1642e6eb78744854e341bdbeead3) Importer(815301076,1909f56bfc062723c751e8b465ee728b)  -> (artifact id: 'ecf1ddcaeef4d2a5cbf31ad247b335ed') in 0.019237 seconds
  Import took 0.023823 seconds .

========================================================================
Received Import Request.
  Time since last request: 2.379938 seconds.
  path: Assets/3DPartyAssets/AZURE Nature/SRP Packages/AN_URP_(2019.3+).unitypackage
  artifactKey: Guid(09babf05eabcb6144a327d81e1cb4a0d) Importer(815301076,1909f56bfc062723c751e8b465ee728b)
Start importing Assets/3DPartyAssets/AZURE Nature/SRP Packages/AN_URP_(2019.3+).unitypackage using Guid(09babf05eabcb6144a327d81e1cb4a0d) Importer(815301076,1909f56bfc062723c751e8b465ee728b)  -> (artifact id: '5d0d0424bd900e05bcab52f785354ffa') in 0.014507 seconds
  Import took 0.018412 seconds .

========================================================================
Received Import Request.
  Time since last request: 166.812114 seconds.
  path: Assets/3DPartyAssets/CanonTower/Prefabs
  artifactKey: Guid(2c1dd667115459a449cc58575cdbcf87) Importer(815301076,1909f56bfc062723c751e8b465ee728b)
Start importing Assets/3DPartyAssets/CanonTower/Prefabs using Guid(2c1dd667115459a449cc58575cdbcf87) Importer(815301076,1909f56bfc062723c751e8b465ee728b)  -> (artifact id: '2a1d5bf81050ce59914c5eac5615f223') in 0.012678 seconds
  Import took 0.020637 seconds .

========================================================================
Received Import Request.
  Time since last request: 0.054027 seconds.
  path: Assets/3DPartyAssets/CanonTower/Prefabs/Tower.prefab
  artifactKey: Guid(f4f6b630159e6b34386dec2579f250b2) Importer(815301076,1909f56bfc062723c751e8b465ee728b)
Start importing Assets/3DPartyAssets/CanonTower/Prefabs/Tower.prefab using Guid(f4f6b630159e6b34386dec2579f250b2) Importer(815301076,1909f56bfc062723c751e8b465ee728b)  -> (artifact id: '4c3000455728e6f2dec5f458c097c9cf') in 0.057013 seconds
  Import took 0.061937 seconds .

========================================================================
Received Import Request.
  Time since last request: 1.716242 seconds.
  path: Assets/3DPartyAssets/CanonTower/Materials/Shield_Big_mat.mat
  artifactKey: Guid(ca7138d56ebeadb4ab3ef5fcb82f946d) Importer(815301076,1909f56bfc062723c751e8b465ee728b)
Start importing Assets/3DPartyAssets/CanonTower/Materials/Shield_Big_mat.mat using Guid(ca7138d56ebeadb4ab3ef5fcb82f946d) Importer(815301076,1909f56bfc062723c751e8b465ee728b)  -> (artifact id: '427402b93f50c8c4c81156bad9416858') in 0.011161 seconds
  Import took 0.015050 seconds .

========================================================================
Received Import Request.
  Time since last request: 0.000189 seconds.
  path: Assets/3DPartyAssets/CanonTower/Materials/Tower_Top_Deco_mat.mat
  artifactKey: Guid(c696ba76ada0fae4b9725a7c7a7e325c) Importer(815301076,1909f56bfc062723c751e8b465ee728b)
Start importing Assets/3DPartyAssets/CanonTower/Materials/Tower_Top_Deco_mat.mat using Guid(c696ba76ada0fae4b9725a7c7a7e325c) Importer(815301076,1909f56bfc062723c751e8b465ee728b)  -> (artifact id: '8a6dfac4e32e319fa06c340c5f0e1589') in 0.017929 seconds
  Import took 0.021703 seconds .

========================================================================
Received Import Request.
  Time since last request: 0.000218 seconds.
  path: Assets/3DPartyAssets/CanonTower/Materials/Tower_Base_mat.mat
  artifactKey: Guid(70c6189c8c8b4cc4da749c5ace637058) Importer(815301076,1909f56bfc062723c751e8b465ee728b)
Start importing Assets/3DPartyAssets/CanonTower/Materials/Tower_Base_mat.mat using Guid(70c6189c8c8b4cc4da749c5ace637058) Importer(815301076,1909f56bfc062723c751e8b465ee728b)  -> (artifact id: 'cce4860566a85e1d594ab6ded2704582') in 0.013716 seconds
  Import took 0.017652 seconds .

========================================================================
Received Import Request.
  Time since last request: 0.000273 seconds.
  path: Assets/3DPartyAssets/CanonTower/Materials/Tower_Base_Deco_mat.mat
  artifactKey: Guid(b128499fa9af31f46981e7e520f91556) Importer(815301076,1909f56bfc062723c751e8b465ee728b)
Start importing Assets/3DPartyAssets/CanonTower/Materials/Tower_Base_Deco_mat.mat using Guid(b128499fa9af31f46981e7e520f91556) Importer(815301076,1909f56bfc062723c751e8b465ee728b)  -> (artifact id: '9b4c293be533e00e913bc42b37b4e33c') in 0.018386 seconds
  Import took 0.023363 seconds .

========================================================================
Received Import Request.
  Time since last request: 0.000243 seconds.
  path: Assets/3DPartyAssets/CanonTower/Materials/Tower_Top_mat.mat
  artifactKey: Guid(dd450e62cd3b7bd4f96ba5a499ed2f5b) Importer(815301076,1909f56bfc062723c751e8b465ee728b)
Start importing Assets/3DPartyAssets/CanonTower/Materials/Tower_Top_mat.mat using Guid(dd450e62cd3b7bd4f96ba5a499ed2f5b) Importer(815301076,1909f56bfc062723c751e8b465ee728b)  -> (artifact id: 'b45ea9f2efa1a65ec34c9cda8ee0a91d') in 0.060728 seconds
  Import took 0.080497 seconds .

========================================================================
Received Import Request.
  Time since last request: 18.416321 seconds.
  path: Assets/3DPartyAssets/CanonTower/Prefabs/Tower.prefab
  artifactKey: Guid(f4f6b630159e6b34386dec2579f250b2) Importer(815301076,1909f56bfc062723c751e8b465ee728b)
Start importing Assets/3DPartyAssets/CanonTower/Prefabs/Tower.prefab using Guid(f4f6b630159e6b34386dec2579f250b2) Importer(815301076,1909f56bfc062723c751e8b465ee728b)  -> (artifact id: '9b139df3e2dfdb36071ca590bce5beff') in 0.042519 seconds
  Import took 0.047536 seconds .

========================================================================
Received Prepare
Registering precompiled user dll's ...
Registered in 0.001619 seconds.
Begin MonoManager ReloadAssembly
Native extension for WindowsStandalone target not found
Native extension for WebGL target not found
Refreshing native plugins compatible for Editor in 55.92 ms, found 0 plugins.
Preloading 0 native plugins for Editor in 0.00 ms.
Mono: successfully reloaded assembly
- Completed reload, in  1.094 seconds
Platform modules already initialized, skipping
Shader 'Universal Render Pipeline/Particles/Lit': fallback shader 'Universal Render Pipeline/Particles/SimpleLit' not found
Shader 'Universal Render Pipeline/Particles/Lit': fallback shader 'Universal Render Pipeline/Particles/SimpleLit' not found
Refreshing native plugins compatible for Editor in 0.55 ms, found 0 plugins.
Preloading 0 native plugins for Editor in 0.00 ms.
Unloading 2792 Unused Serialized files (Serialized files now loaded: 0)
System memory in use before: 148.3 MB.
System memory in use after: 143.2 MB.

Unloading 108 unused Assets to reduce memory usage. Loaded Objects now: 3429.
Total: 11.461800 ms (FindLiveObjects: 0.383000 ms CreateObjectMapping: 0.352300 ms MarkObjects: 6.546600 ms  DeleteObjects: 4.178400 ms)

AssetImportParameters requested are different than current active one (requested -> active):
  custom:srp/default-shader: 0000e00a000e0de00000e000e0000000 -> 00a0da0d000000000000000000000000
AssetImportWorkerClient::OnTransportError - code=2 error=End of file
