Using pre-set license
Built from '2020.3/staging' branch; Version is '2020.3.8f1 (507919d4fff5) revision 5273881'; Using compiler version '192528614'; Build Type 'Release'
OS: 'Windows 10 Pro; OS build 19042.1052; Version 2009; 64bit' Language: 'en' Physical Memory: 49069 MB
BatchMode: 1, IsHumanControllingUs: 0, StartBugReporterOnCrash: 0, Is64bit: 1, IsPro: 0

 COMMAND LINE ARGUMENTS:
C:\Program Files\Unity\Hub\Editor\2020.3.8f1\Editor\Unity.exe
-adb2
-batchMode
-noUpm
-name
AssetImportWorker0
-projectPath
G:/Unity/APR21-FinalProject-Blobbmaggedon
-logFile
Logs/AssetImportWorker0.log
-srvPort
57338
Successfully changed project path to: G:/Unity/APR21-FinalProject-Blobbmaggedon
G:/Unity/APR21-FinalProject-Blobbmaggedon
Using Asset Import Pipeline V2.
Refreshing native plugins compatible for Editor in 60.89 ms, found 0 plugins.
Preloading 0 native plugins for Editor in 0.00 ms.
Initialize engine version: 2020.3.8f1 (507919d4fff5)
[Subsystems] Discovering subsystems at path C:/Program Files/Unity/Hub/Editor/2020.3.8f1/Editor/Data/Resources/UnitySubsystems
[Subsystems] Discovering subsystems at path G:/Unity/APR21-FinalProject-Blobbmaggedon/Assets
GfxDevice: creating device client; threaded=0
Direct3D:
    Version:  Direct3D 11.0 [level 11.1]
    Renderer: NVIDIA GeForce RTX 3060 Ti (ID=0x2486)
    Vendor:   
    VRAM:     8050 MB
    Driver:   27.21.14.6140
Initialize mono
Mono path[0] = 'C:/Program Files/Unity/Hub/Editor/2020.3.8f1/Editor/Data/Managed'
Mono path[1] = 'C:/Program Files/Unity/Hub/Editor/2020.3.8f1/Editor/Data/MonoBleedingEdge/lib/mono/unityjit'
Mono config path = 'C:/Program Files/Unity/Hub/Editor/2020.3.8f1/Editor/Data/MonoBleedingEdge/etc'
Using monoOptions --debugger-agent=transport=dt_socket,embedding=1,server=y,suspend=n,address=127.0.0.1:56736
Begin MonoManager ReloadAssembly
Registering precompiled unity dll's ...
Register platform support module: C:/Program Files/Unity/Hub/Editor/2020.3.8f1/Editor/Data/PlaybackEngines/WebGLSupport/UnityEditor.WebGL.Extensions.dll
Register platform support module: C:/Program Files/Unity/Hub/Editor/2020.3.8f1/Editor/Data/PlaybackEngines/WindowsStandaloneSupport/UnityEditor.WindowsStandalone.Extensions.dll
Registered in 0.003481 seconds.
Native extension for WindowsStandalone target not found
Native extension for WebGL target not found
Refreshing native plugins compatible for Editor in 61.28 ms, found 0 plugins.
Preloading 0 native plugins for Editor in 0.00 ms.
Mono: successfully reloaded assembly
- Completed reload, in  2.324 seconds
Platform modules already initialized, skipping
Registering precompiled user dll's ...
Registered in 0.001478 seconds.
Begin MonoManager ReloadAssembly
Native extension for WindowsStandalone target not found
Native extension for WebGL target not found
Refreshing native plugins compatible for Editor in 63.91 ms, found 0 plugins.
Preloading 0 native plugins for Editor in 0.00 ms.
Mono: successfully reloaded assembly
- Completed reload, in  1.308 seconds
Platform modules already initialized, skipping
========================================================================
Worker process is ready to serve import requests
Shader 'Universal Render Pipeline/Particles/Lit': fallback shader 'Universal Render Pipeline/Particles/SimpleLit' not found
Shader 'Universal Render Pipeline/Particles/Lit': fallback shader 'Universal Render Pipeline/Particles/SimpleLit' not found
Launched and connected shader compiler UnityShaderCompiler.exe after 0.06 seconds
Refreshing native plugins compatible for Editor in 0.69 ms, found 0 plugins.
Preloading 0 native plugins for Editor in 0.00 ms.
Unloading 2879 Unused Serialized files (Serialized files now loaded: 0)
System memory in use before: 216.1 MB.
System memory in use after: 213.9 MB.

Unloading 41 unused Assets to reduce memory usage. Loaded Objects now: 3313.
Total: 64.589800 ms (FindLiveObjects: 0.329800 ms CreateObjectMapping: 0.199600 ms MarkObjects: 50.307800 ms  DeleteObjects: 13.750700 ms)

========================================================================
Received Import Request.
  path: Assets/Presets/Defaults/AlbedoTexture_Default.preset
  artifactKey: Guid(e8537455c6c08bd4e8bf0be3707da685) Importer(815301076,1909f56bfc062723c751e8b465ee728b)
Start importing Assets/Presets/Defaults/AlbedoTexture_Default.preset using Guid(e8537455c6c08bd4e8bf0be3707da685) Importer(815301076,1909f56bfc062723c751e8b465ee728b)  -> (artifact id: 'a39f5c6fcb9ea97bf434963b23d33ea7') in 0.080610 seconds
  Import took 0.092646 seconds .

========================================================================
Received Import Request.
  Time since last request: 0.000665 seconds.
  path: Assets/Presets/Defaults/AudioDecompressOnLoad.preset
  artifactKey: Guid(e7689051185d12f4298e1ebb2693a29f) Importer(815301076,1909f56bfc062723c751e8b465ee728b)
Start importing Assets/Presets/Defaults/AudioDecompressOnLoad.preset using Guid(e7689051185d12f4298e1ebb2693a29f) Importer(815301076,1909f56bfc062723c751e8b465ee728b)  -> (artifact id: '89d1cf06e67cef88edace491fed66d7e') in 0.029501 seconds
  Import took 0.035105 seconds .

========================================================================
Received Import Request.
  Time since last request: 0.000261 seconds.
  path: Assets/Presets/Defaults/DirectionalLight_Default.preset
  artifactKey: Guid(463065d4f17d1d94d848aa127b94dd43) Importer(815301076,1909f56bfc062723c751e8b465ee728b)
Start importing Assets/Presets/Defaults/DirectionalLight_Default.preset using Guid(463065d4f17d1d94d848aa127b94dd43) Importer(815301076,1909f56bfc062723c751e8b465ee728b)  -> (artifact id: '51a078c6ae54eb254be36a9378726b4a') in 0.028355 seconds
  Import took 0.035358 seconds .

========================================================================
Received Import Request.
  Time since last request: 0.340795 seconds.
  path: Assets/Samples/XR Interaction Toolkit/1.0.0-pre.4/Default Input Actions/XRI Default Continuous Move.preset
  artifactKey: Guid(91f9da00cfdac5d49955df2d2d820b9c) Importer(815301076,1909f56bfc062723c751e8b465ee728b)
Start importing Assets/Samples/XR Interaction Toolkit/1.0.0-pre.4/Default Input Actions/XRI Default Continuous Move.preset using Guid(91f9da00cfdac5d49955df2d2d820b9c) Importer(815301076,1909f56bfc062723c751e8b465ee728b)  -> (artifact id: '7da3fe9c90d3328ccbda1acb67679066') in 0.027827 seconds
  Import took 0.036419 seconds .

========================================================================
Received Import Request.
  Time since last request: 0.000230 seconds.
  path: Assets/Samples/XR Interaction Toolkit/1.0.0-pre.4/Default Input Actions/XRI Default Left Controller.preset
  artifactKey: Guid(ffd8268f7307a0c48a067dad4a8fe060) Importer(815301076,1909f56bfc062723c751e8b465ee728b)
Start importing Assets/Samples/XR Interaction Toolkit/1.0.0-pre.4/Default Input Actions/XRI Default Left Controller.preset using Guid(ffd8268f7307a0c48a067dad4a8fe060) Importer(815301076,1909f56bfc062723c751e8b465ee728b)  -> (artifact id: '4262c9a3ed65a32472f92dcc7aabada0') in 0.035135 seconds
  Import took 0.053088 seconds .

========================================================================
Received Import Request.
  Time since last request: 0.000248 seconds.
  path: Assets/Samples/XR Interaction Toolkit/1.0.0-pre.4/Default Input Actions/XRI Default Snap Turn.preset
  artifactKey: Guid(18697d253d848974aa7052cba872c9f0) Importer(815301076,1909f56bfc062723c751e8b465ee728b)
Start importing Assets/Samples/XR Interaction Toolkit/1.0.0-pre.4/Default Input Actions/XRI Default Snap Turn.preset using Guid(18697d253d848974aa7052cba872c9f0) Importer(815301076,1909f56bfc062723c751e8b465ee728b)  -> (artifact id: '16670b800db6788a6c2019e24f3b4ddb') in 0.035532 seconds
  Import took 0.042977 seconds .

========================================================================
Received Import Request.
  Time since last request: 0.000278 seconds.
  path: Assets/Samples/XR Interaction Toolkit/1.0.0-pre.4/Default Input Actions/XRI Default Input Actions.inputactions
  artifactKey: Guid(c348712bda248c246b8c49b3db54643f) Importer(815301076,1909f56bfc062723c751e8b465ee728b)
Start importing Assets/Samples/XR Interaction Toolkit/1.0.0-pre.4/Default Input Actions/XRI Default Input Actions.inputactions using Guid(c348712bda248c246b8c49b3db54643f) Importer(815301076,1909f56bfc062723c751e8b465ee728b)  -> (artifact id: '3c06ac9a8df405e63ab2abd71447da72') in 0.038212 seconds
  Import took 0.043547 seconds .

========================================================================
Received Import Request.
  Time since last request: 0.000300 seconds.
  path: Assets/Samples/XR Interaction Toolkit/1.0.0-pre.4/Default Input Actions/XRI Default Continuous Turn.preset
  artifactKey: Guid(0caad3af14f9a414dbdf25ed41e5aa47) Importer(815301076,1909f56bfc062723c751e8b465ee728b)
Start importing Assets/Samples/XR Interaction Toolkit/1.0.0-pre.4/Default Input Actions/XRI Default Continuous Turn.preset using Guid(0caad3af14f9a414dbdf25ed41e5aa47) Importer(815301076,1909f56bfc062723c751e8b465ee728b)  -> (artifact id: 'e4ccefdc474ceb738a43be42fa0dd200') in 0.050373 seconds
  Import took 0.056533 seconds .

========================================================================
Received Import Request.
  Time since last request: 0.000210 seconds.
  path: Assets/Samples/XR Interaction Toolkit/1.0.0-pre.4/Default Input Actions/XRI Default Right Controller.preset
  artifactKey: Guid(1421ad86ff3787b4dae70fe9e699a25f) Importer(815301076,1909f56bfc062723c751e8b465ee728b)
Start importing Assets/Samples/XR Interaction Toolkit/1.0.0-pre.4/Default Input Actions/XRI Default Right Controller.preset using Guid(1421ad86ff3787b4dae70fe9e699a25f) Importer(815301076,1909f56bfc062723c751e8b465ee728b)  -> (artifact id: '8dcadb25ec308300406d5962f5bf2377') in 0.025891 seconds
  Import took 0.033200 seconds .

========================================================================
Received Import Request.
  Time since last request: 496.547093 seconds.
  path: ProjectSettings/TagManager.asset
  artifactKey: Guid(00000000000000003000000000000000) Importer(815301076,1909f56bfc062723c751e8b465ee728b)
Start importing ProjectSettings/TagManager.asset using Guid(00000000000000003000000000000000) Importer(815301076,1909f56bfc062723c751e8b465ee728b)  -> (artifact id: 'fc42e30003074059bef8fb59cba1b257') in 0.295301 seconds
  Import took 0.300982 seconds .

========================================================================
Received Prepare
Registering precompiled user dll's ...
Registered in 0.001406 seconds.
Begin MonoManager ReloadAssembly
Native extension for WindowsStandalone target not found
Native extension for WebGL target not found
Refreshing native plugins compatible for Editor in 0.78 ms, found 0 plugins.
Preloading 0 native plugins for Editor in 0.00 ms.
Mono: successfully reloaded assembly
- Completed reload, in  1.105 seconds
Platform modules already initialized, skipping
Shader 'Universal Render Pipeline/Particles/Lit': fallback shader 'Universal Render Pipeline/Particles/SimpleLit' not found
Shader 'Universal Render Pipeline/Particles/Lit': fallback shader 'Universal Render Pipeline/Particles/SimpleLit' not found
Refreshing native plugins compatible for Editor in 0.82 ms, found 0 plugins.
Preloading 0 native plugins for Editor in 0.00 ms.
Unloading 2854 Unused Serialized files (Serialized files now loaded: 0)
System memory in use before: 213.7 MB.
System memory in use after: 211.5 MB.

Unloading 35 unused Assets to reduce memory usage. Loaded Objects now: 3376.
Total: 7.500900 ms (FindLiveObjects: 0.476600 ms CreateObjectMapping: 0.289300 ms MarkObjects: 5.186400 ms  DeleteObjects: 1.547200 ms)

========================================================================
Received Prepare
Registering precompiled user dll's ...
Registered in 0.006252 seconds.
Begin MonoManager ReloadAssembly
Native extension for WindowsStandalone target not found
Native extension for WebGL target not found
Refreshing native plugins compatible for Editor in 0.93 ms, found 3 plugins.
Preloading 1 native plugins for Editor in 1.28 ms.
Instance of Unity.XR.Oculus.OculusLoader couldn't be created because there is no script with that name.
UnityEngine.StackTraceUtility:ExtractStackTrace ()
UnityEngine.ScriptableObject:CreateInstance (string)
UnityEditor.XR.Management.EditorUtilities:CreateScriptableObjectInstance (string,string) (at Library/PackageCache/com.unity.xr.management@4.0.6/Editor/EditorUtilities.cs:95)
UnityEditor.XR.Management.XRPackageInitializationBootstrap:InitializeLoaderFromMetadata (string,System.Collections.Generic.List`1<UnityEditor.XR.Management.Metadata.IXRLoaderMetadata>) (at Library/PackageCache/com.unity.xr.management@4.0.6/Editor/XRPackageInitialization.cs:152)
UnityEditor.XR.Management.XRPackageInitializationBootstrap:InitializePackageFromMetadata (UnityEditor.XR.Management.Metadata.IXRPackage,UnityEditor.XR.Management.Metadata.IXRPackageMetadata) (at Library/PackageCache/com.unity.xr.management@4.0.6/Editor/XRPackageInitialization.cs:129)
UnityEditor.XR.Management.XRPackageInitializationBootstrap:InitPackage (UnityEditor.XR.Management.Metadata.IXRPackage) (at Library/PackageCache/com.unity.xr.management@4.0.6/Editor/XRPackageInitialization.cs:118)
UnityEditor.XR.Management.XRPackageInitializationBootstrap:BeginPackageInitialization () (at Library/PackageCache/com.unity.xr.management@4.0.6/Editor/XRPackageInitialization.cs:87)
UnityEditor.XR.Management.XRPackageInitializationBootstrap:.cctor () (at Library/PackageCache/com.unity.xr.management@4.0.6/Editor/XRPackageInitialization.cs:50)
System.Runtime.CompilerServices.RuntimeHelpers:RunClassConstructor (System.RuntimeTypeHandle)
UnityEditor.EditorAssemblies:ProcessInitializeOnLoadAttributes (System.Type[])

[Library/PackageCache/com.unity.xr.management@4.0.6/Editor/EditorUtilities.cs line 95]

We were unable to create an instance of the requested type Unity.XR.Oculus.OculusLoader. Please make sure that all packages are updated to support this version of XR Plug-In Management. See the Unity documentation for XR Plug-In Management for information on resolving this issue.
UnityEngine.StackTraceUtility:ExtractStackTrace ()
UnityEngine.DebugLogHandler:LogFormat (UnityEngine.LogType,UnityEngine.Object,string,object[])
UnityEngine.Logger:Log (UnityEngine.LogType,object)
UnityEngine.Debug:LogError (object)
UnityEditor.XR.Management.EditorUtilities:CreateScriptableObjectInstance (string,string) (at Library/PackageCache/com.unity.xr.management@4.0.6/Editor/EditorUtilities.cs:108)
UnityEditor.XR.Management.XRPackageInitializationBootstrap:InitializeLoaderFromMetadata (string,System.Collections.Generic.List`1<UnityEditor.XR.Management.Metadata.IXRLoaderMetadata>) (at Library/PackageCache/com.unity.xr.management@4.0.6/Editor/XRPackageInitialization.cs:152)
UnityEditor.XR.Management.XRPackageInitializationBootstrap:InitializePackageFromMetadata (UnityEditor.XR.Management.Metadata.IXRPackage,UnityEditor.XR.Management.Metadata.IXRPackageMetadata) (at Library/PackageCache/com.unity.xr.management@4.0.6/Editor/XRPackageInitialization.cs:129)
UnityEditor.XR.Management.XRPackageInitializationBootstrap:InitPackage (UnityEditor.XR.Management.Metadata.IXRPackage) (at Library/PackageCache/com.unity.xr.management@4.0.6/Editor/XRPackageInitialization.cs:118)
UnityEditor.XR.Management.XRPackageInitializationBootstrap:BeginPackageInitialization () (at Library/PackageCache/com.unity.xr.management@4.0.6/Editor/XRPackageInitialization.cs:87)
UnityEditor.XR.Management.XRPackageInitializationBootstrap:.cctor () (at Library/PackageCache/com.unity.xr.management@4.0.6/Editor/XRPackageInitialization.cs:50)
System.Runtime.CompilerServices.RuntimeHelpers:RunClassConstructor (System.RuntimeTypeHandle)
UnityEditor.EditorAssemblies:ProcessInitializeOnLoadAttributes (System.Type[])

(Filename: Library/PackageCache/com.unity.xr.management@4.0.6/Editor/EditorUtilities.cs Line: 108)

Error creating instance of loader Oculus for package Oculus XR Plugin
UnityEngine.StackTraceUtility:ExtractStackTrace ()
UnityEngine.DebugLogHandler:LogFormat (UnityEngine.LogType,UnityEngine.Object,string,object[])
UnityEngine.Logger:Log (UnityEngine.LogType,object)
UnityEngine.Debug:LogError (object)
UnityEditor.XR.Management.XRPackageInitializationBootstrap:InitializeLoaderFromMetadata (string,System.Collections.Generic.List`1<UnityEditor.XR.Management.Metadata.IXRLoaderMetadata>) (at Library/PackageCache/com.unity.xr.management@4.0.6/Editor/XRPackageInitialization.cs:157)
UnityEditor.XR.Management.XRPackageInitializationBootstrap:InitializePackageFromMetadata (UnityEditor.XR.Management.Metadata.IXRPackage,UnityEditor.XR.Management.Metadata.IXRPackageMetadata) (at Library/PackageCache/com.unity.xr.management@4.0.6/Editor/XRPackageInitialization.cs:129)
UnityEditor.XR.Management.XRPackageInitializationBootstrap:InitPackage (UnityEditor.XR.Management.Metadata.IXRPackage) (at Library/PackageCache/com.unity.xr.management@4.0.6/Editor/XRPackageInitialization.cs:118)
UnityEditor.XR.Management.XRPackageInitializationBootstrap:BeginPackageInitialization () (at Library/PackageCache/com.unity.xr.management@4.0.6/Editor/XRPackageInitialization.cs:87)
UnityEditor.XR.Management.XRPackageInitializationBootstrap:.cctor () (at Library/PackageCache/com.unity.xr.management@4.0.6/Editor/XRPackageInitialization.cs:50)
System.Runtime.CompilerServices.RuntimeHelpers:RunClassConstructor (System.RuntimeTypeHandle)
UnityEditor.EditorAssemblies:ProcessInitializeOnLoadAttributes (System.Type[])

(Filename: Library/PackageCache/com.unity.xr.management@4.0.6/Editor/XRPackageInitialization.cs Line: 157)

Instance of Unity.XR.Oculus.OculusSettings couldn't be created because there is no script with that name.
UnityEngine.StackTraceUtility:ExtractStackTrace ()
UnityEngine.ScriptableObject:CreateInstance (string)
UnityEditor.XR.Management.EditorUtilities:CreateScriptableObjectInstance (string,string) (at Library/PackageCache/com.unity.xr.management@4.0.6/Editor/EditorUtilities.cs:95)
UnityEditor.XR.Management.XRPackageInitializationBootstrap:InitializeSettingsFromMetadata (UnityEditor.XR.Management.Metadata.IXRPackage,string,string) (at Library/PackageCache/com.unity.xr.management@4.0.6/Editor/XRPackageInitialization.cs:183)
UnityEditor.XR.Management.XRPackageInitializationBootstrap:InitializePackageFromMetadata (UnityEditor.XR.Management.Metadata.IXRPackage,UnityEditor.XR.Management.Metadata.IXRPackageMetadata) (at Library/PackageCache/com.unity.xr.management@4.0.6/Editor/XRPackageInitialization.cs:130)
UnityEditor.XR.Management.XRPackageInitializationBootstrap:InitPackage (UnityEditor.XR.Management.Metadata.IXRPackage) (at Library/PackageCache/com.unity.xr.management@4.0.6/Editor/XRPackageInitialization.cs:118)
UnityEditor.XR.Management.XRPackageInitializationBootstrap:BeginPackageInitialization () (at Library/PackageCache/com.unity.xr.management@4.0.6/Editor/XRPackageInitialization.cs:87)
UnityEditor.XR.Management.XRPackageInitializationBootstrap:.cctor () (at Library/PackageCache/com.unity.xr.management@4.0.6/Editor/XRPackageInitialization.cs:50)
System.Runtime.CompilerServices.RuntimeHelpers:RunClassConstructor (System.RuntimeTypeHandle)
UnityEditor.EditorAssemblies:ProcessInitializeOnLoadAttributes (System.Type[])

[Library/PackageCache/com.unity.xr.management@4.0.6/Editor/EditorUtilities.cs line 95]

We were unable to create an instance of the requested type Unity.XR.Oculus.OculusSettings. Please make sure that all packages are updated to support this version of XR Plug-In Management. See the Unity documentation for XR Plug-In Management for information on resolving this issue.
UnityEngine.StackTraceUtility:ExtractStackTrace ()
UnityEngine.DebugLogHandler:LogFormat (UnityEngine.LogType,UnityEngine.Object,string,object[])
UnityEngine.Logger:Log (UnityEngine.LogType,object)
UnityEngine.Debug:LogError (object)
UnityEditor.XR.Management.EditorUtilities:CreateScriptableObjectInstance (string,string) (at Library/PackageCache/com.unity.xr.management@4.0.6/Editor/EditorUtilities.cs:108)
UnityEditor.XR.Management.XRPackageInitializationBootstrap:InitializeSettingsFromMetadata (UnityEditor.XR.Management.Metadata.IXRPackage,string,string) (at Library/PackageCache/com.unity.xr.management@4.0.6/Editor/XRPackageInitialization.cs:183)
UnityEditor.XR.Management.XRPackageInitializationBootstrap:InitializePackageFromMetadata (UnityEditor.XR.Management.Metadata.IXRPackage,UnityEditor.XR.Management.Metadata.IXRPackageMetadata) (at Library/PackageCache/com.unity.xr.management@4.0.6/Editor/XRPackageInitialization.cs:130)
UnityEditor.XR.Management.XRPackageInitializationBootstrap:InitPackage (UnityEditor.XR.Management.Metadata.IXRPackage) (at Library/PackageCache/com.unity.xr.management@4.0.6/Editor/XRPackageInitialization.cs:118)
UnityEditor.XR.Management.XRPackageInitializationBootstrap:BeginPackageInitialization () (at Library/PackageCache/com.unity.xr.management@4.0.6/Editor/XRPackageInitialization.cs:87)
UnityEditor.XR.Management.XRPackageInitializationBootstrap:.cctor () (at Library/PackageCache/com.unity.xr.management@4.0.6/Editor/XRPackageInitialization.cs:50)
System.Runtime.CompilerServices.RuntimeHelpers:RunClassConstructor (System.RuntimeTypeHandle)
UnityEditor.EditorAssemblies:ProcessInitializeOnLoadAttributes (System.Type[])

(Filename: Library/PackageCache/com.unity.xr.management@4.0.6/Editor/EditorUtilities.cs Line: 108)

Oculus XR Plugin package Initialization not completed. You will need to create any instances of the loaders and settings manually before you can use the intended XR Plug-in Package.
UnityEngine.StackTraceUtility:ExtractStackTrace ()
UnityEngine.DebugLogHandler:LogFormat (UnityEngine.LogType,UnityEngine.Object,string,object[])
UnityEngine.Logger:Log (UnityEngine.LogType,object)
UnityEngine.Debug:LogWarning (object)
UnityEditor.XR.Management.XRPackageInitializationBootstrap:InitPackage (UnityEditor.XR.Management.Metadata.IXRPackage) (at Library/PackageCache/com.unity.xr.management@4.0.6/Editor/XRPackageInitialization.cs:120)
UnityEditor.XR.Management.XRPackageInitializationBootstrap:BeginPackageInitialization () (at Library/PackageCache/com.unity.xr.management@4.0.6/Editor/XRPackageInitialization.cs:87)
UnityEditor.XR.Management.XRPackageInitializationBootstrap:.cctor () (at Library/PackageCache/com.unity.xr.management@4.0.6/Editor/XRPackageInitialization.cs:50)
System.Runtime.CompilerServices.RuntimeHelpers:RunClassConstructor (System.RuntimeTypeHandle)
UnityEditor.EditorAssemblies:ProcessInitializeOnLoadAttributes (System.Type[])

(Filename: Library/PackageCache/com.unity.xr.management@4.0.6/Editor/XRPackageInitialization.cs Line: 120)

[XR] OculusXRPlugin: registering subsystems
[XR] Unable to register display lifecyle provider: [1]
[XR] Oculus Input lifecycle provider registered.
[XR] Unable to register input lifecyle provider: [1]
NullReferenceException: Object reference not set to an instance of an object
  at Unity.XR.Oculus.OculusLoader.AssetPathToAbsolutePath (System.String assetPath) [0x00048] in G:\Unity\APR21-FinalProject-Blobbmaggedon\Library\PackageCache\com.unity.xr.oculus@1.9.1\Runtime\OculusLoader.cs:249 
  at Unity.XR.Oculus.OculusLoader.EditorLoadOVRPlugin () [0x0007b] in G:\Unity\APR21-FinalProject-Blobbmaggedon\Library\PackageCache\com.unity.xr.oculus@1.9.1\Runtime\OculusLoader.cs:234 

(Filename: Library/PackageCache/com.unity.xr.oculus@1.9.1/Runtime/OculusLoader.cs Line: 249)

Mono: successfully reloaded assembly
- Completed reload, in  1.169 seconds
Platform modules already initialized, skipping
Shader 'Universal Render Pipeline/Particles/Lit': fallback shader 'Universal Render Pipeline/Particles/SimpleLit' not found
Shader 'Universal Render Pipeline/Particles/Lit': fallback shader 'Universal Render Pipeline/Particles/SimpleLit' not found
Refreshing native plugins compatible for Editor in 0.65 ms, found 3 plugins.
Preloading 1 native plugins for Editor in 0.08 ms.
Unloading 2880 Unused Serialized files (Serialized files now loaded: 0)
System memory in use before: 222.7 MB.
System memory in use after: 220.5 MB.

Unloading 35 unused Assets to reduce memory usage. Loaded Objects now: 3406.
Total: 4.931900 ms (FindLiveObjects: 0.397300 ms CreateObjectMapping: 0.305000 ms MarkObjects: 2.928400 ms  DeleteObjects: 1.299100 ms)

========================================================================
Received Prepare
Registering precompiled user dll's ...
Registered in 0.002103 seconds.
Begin MonoManager ReloadAssembly
Native extension for WindowsStandalone target not found
Native extension for WebGL target not found
Refreshing native plugins compatible for Editor in 0.75 ms, found 3 plugins.
Preloading 1 native plugins for Editor in 0.07 ms.
NullReferenceException: Object reference not set to an instance of an object
  at Unity.XR.Oculus.OculusLoader.AssetPathToAbsolutePath (System.String assetPath) [0x00048] in G:\Unity\APR21-FinalProject-Blobbmaggedon\Library\PackageCache\com.unity.xr.oculus@1.9.1\Runtime\OculusLoader.cs:249 
  at Unity.XR.Oculus.OculusLoader.EditorLoadOVRPlugin () [0x0007b] in G:\Unity\APR21-FinalProject-Blobbmaggedon\Library\PackageCache\com.unity.xr.oculus@1.9.1\Runtime\OculusLoader.cs:234 

(Filename: Library/PackageCache/com.unity.xr.oculus@1.9.1/Runtime/OculusLoader.cs Line: 249)

Mono: successfully reloaded assembly
- Completed reload, in  1.036 seconds
Platform modules already initialized, skipping
Shader 'Universal Render Pipeline/Particles/Lit': fallback shader 'Universal Render Pipeline/Particles/SimpleLit' not found
Shader 'Universal Render Pipeline/Particles/Lit': fallback shader 'Universal Render Pipeline/Particles/SimpleLit' not found
Refreshing native plugins compatible for Editor in 1.10 ms, found 3 plugins.
Preloading 1 native plugins for Editor in 0.07 ms.
Unloading 2868 Unused Serialized files (Serialized files now loaded: 0)
System memory in use before: 222.5 MB.
System memory in use after: 220.3 MB.

Unloading 35 unused Assets to reduce memory usage. Loaded Objects now: 3410.
Total: 5.672600 ms (FindLiveObjects: 0.686300 ms CreateObjectMapping: 0.442700 ms MarkObjects: 2.694800 ms  DeleteObjects: 1.847200 ms)

========================================================================
Received Import Request.
  Time since last request: 304.130180 seconds.
  path: Assets/3DPartyAssets/Gloves/Gloves.fbx
  artifactKey: Guid(70cb2f0d30ccb014db475d0f024f1175) Importer(815301076,1909f56bfc062723c751e8b465ee728b)
Start importing Assets/3DPartyAssets/Gloves/Gloves.fbx using Guid(70cb2f0d30ccb014db475d0f024f1175) Importer(815301076,1909f56bfc062723c751e8b465ee728b)  -> (artifact id: 'b2904fa40dc761f6839fd1b9e01a8078') in 0.354144 seconds
  Import took 0.360282 seconds .

========================================================================
Received Prepare
Registering precompiled user dll's ...
Registered in 0.007382 seconds.
Begin MonoManager ReloadAssembly
Native extension for WindowsStandalone target not found
Native extension for WebGL target not found
Refreshing native plugins compatible for Editor in 0.65 ms, found 3 plugins.
Preloading 1 native plugins for Editor in 0.07 ms.
NullReferenceException: Object reference not set to an instance of an object
  at Unity.XR.Oculus.OculusLoader.AssetPathToAbsolutePath (System.String assetPath) [0x00048] in G:\Unity\APR21-FinalProject-Blobbmaggedon\Library\PackageCache\com.unity.xr.oculus@1.9.1\Runtime\OculusLoader.cs:249 
  at Unity.XR.Oculus.OculusLoader.EditorLoadOVRPlugin () [0x0007b] in G:\Unity\APR21-FinalProject-Blobbmaggedon\Library\PackageCache\com.unity.xr.oculus@1.9.1\Runtime\OculusLoader.cs:234 

(Filename: Library/PackageCache/com.unity.xr.oculus@1.9.1/Runtime/OculusLoader.cs Line: 249)

Mono: successfully reloaded assembly
- Completed reload, in  1.222 seconds
Platform modules already initialized, skipping
Shader 'Universal Render Pipeline/Particles/Lit': fallback shader 'Universal Render Pipeline/Particles/SimpleLit' not found
Shader 'Universal Render Pipeline/Particles/Lit': fallback shader 'Universal Render Pipeline/Particles/SimpleLit' not found
Refreshing native plugins compatible for Editor in 0.68 ms, found 3 plugins.
Preloading 1 native plugins for Editor in 0.06 ms.
Unloading 2869 Unused Serialized files (Serialized files now loaded: 0)
System memory in use before: 228.2 MB.
System memory in use after: 226.0 MB.

Unloading 35 unused Assets to reduce memory usage. Loaded Objects now: 3496.
Total: 5.917700 ms (FindLiveObjects: 0.646800 ms CreateObjectMapping: 0.216600 ms MarkObjects: 3.590700 ms  DeleteObjects: 1.462400 ms)

========================================================================
Received Import Request.
  Time since last request: 48.459219 seconds.
  path: Assets/3DPartyAssets/HandPrototype/HandProtoLeft.prefab
  artifactKey: Guid(330a8fb2cdb77074e82a26e5b73ef8af) Importer(815301076,1909f56bfc062723c751e8b465ee728b)
Start importing Assets/3DPartyAssets/HandPrototype/HandProtoLeft.prefab using Guid(330a8fb2cdb77074e82a26e5b73ef8af) Importer(815301076,1909f56bfc062723c751e8b465ee728b)  -> (artifact id: '109884385ee880531a09ffdb58ce1c65') in 0.431493 seconds
  Import took 0.439447 seconds .

========================================================================
Received Import Request.
  Time since last request: 0.245586 seconds.
  path: Assets/3DPartyAssets/HandPrototype/HandProtoRight.prefab
  artifactKey: Guid(96f21dc13e851b844b2b9eeaf30610da) Importer(815301076,1909f56bfc062723c751e8b465ee728b)
Start importing Assets/3DPartyAssets/HandPrototype/HandProtoRight.prefab using Guid(96f21dc13e851b844b2b9eeaf30610da) Importer(815301076,1909f56bfc062723c751e8b465ee728b)  -> (artifact id: '3c0f1d3f0e534ec0cb6d5a0427af5e7c') in 0.020920 seconds
  Import took 0.026566 seconds .

========================================================================
Received Import Request.
  Time since last request: 0.007675 seconds.
  path: Assets/3DPartyAssets/HandPrototype/HandProtoRight.prefab
  artifactKey: Guid(96f21dc13e851b844b2b9eeaf30610da) Importer(815301076,1909f56bfc062723c751e8b465ee728b)
Start importing Assets/3DPartyAssets/HandPrototype/HandProtoRight.prefab using Guid(96f21dc13e851b844b2b9eeaf30610da) Importer(815301076,1909f56bfc062723c751e8b465ee728b)  -> (artifact id: '3c0f1d3f0e534ec0cb6d5a0427af5e7c') in 0.020001 seconds
  Import took 0.026212 seconds .

========================================================================
Received Import Request.
  Time since last request: 87.019911 seconds.
  path: Assets/3DPartyAssets/Gloves/LeftGlove.prefab
  artifactKey: Guid(d06686e7e06df6c49a55dcf3ce3038fa) Importer(815301076,1909f56bfc062723c751e8b465ee728b)
Start importing Assets/3DPartyAssets/Gloves/LeftGlove.prefab using Guid(d06686e7e06df6c49a55dcf3ce3038fa) Importer(815301076,1909f56bfc062723c751e8b465ee728b)  -> (artifact id: '1f030d13260b35b68bba3741d0ea5aca') in 0.017336 seconds
  Import took 0.023269 seconds .

========================================================================
Received Import Request.
  Time since last request: 0.000548 seconds.
  path: Assets/3DPartyAssets/Gloves/LeftGlove.prefab
  artifactKey: Guid(d06686e7e06df6c49a55dcf3ce3038fa) Importer(815301076,1909f56bfc062723c751e8b465ee728b)
Start importing Assets/3DPartyAssets/Gloves/LeftGlove.prefab using Guid(d06686e7e06df6c49a55dcf3ce3038fa) Importer(815301076,1909f56bfc062723c751e8b465ee728b)  -> (artifact id: '1f030d13260b35b68bba3741d0ea5aca') in 0.024711 seconds
  Import took 0.029952 seconds .

========================================================================
Received Import Request.
  Time since last request: 73.962717 seconds.
  path: Assets/3DPartyAssets/Gloves/RightGlove.prefab
  artifactKey: Guid(608ae971bd08377478eb8afc14082b25) Importer(815301076,1909f56bfc062723c751e8b465ee728b)
Start importing Assets/3DPartyAssets/Gloves/RightGlove.prefab using Guid(608ae971bd08377478eb8afc14082b25) Importer(815301076,1909f56bfc062723c751e8b465ee728b)  -> (artifact id: '034e13bd72f85c3089913e2841aaae77') in 0.015373 seconds
  Import took 0.025019 seconds .

========================================================================
Received Import Request.
  Time since last request: 107.081389 seconds.
  path: Assets/3DPartyAssets/Gloves/LeftGlove.prefab
  artifactKey: Guid(d06686e7e06df6c49a55dcf3ce3038fa) Importer(815301076,1909f56bfc062723c751e8b465ee728b)
Start importing Assets/3DPartyAssets/Gloves/LeftGlove.prefab using Guid(d06686e7e06df6c49a55dcf3ce3038fa) Importer(815301076,1909f56bfc062723c751e8b465ee728b)  -> (artifact id: 'b04fbc7c80295aaee78b7731af567258') in 0.019962 seconds
  Import took 0.028813 seconds .

AssetImportWorkerClient::OnTransportError - code=2 error=End of file
